CRITICAL - 2023-05-08 04:34:15 --> Undefined variable $session
in APPPATH\Views\index.php on line 191.
 1 APPPATH\Views\index.php(191): CodeIgniter\Debug\Exceptions->errorHandler(2, 'Undefined variable $session', 'C:\\xampp\\htdocs\\project4\\app\\Views\\index.php', 191)
 2 SYSTEMPATH\View\View.php(213): include('C:\\xampp\\htdocs\\project4\\app\\Views\\index.php')
 3 SYSTEMPATH\View\View.php(216): CodeIgniter\View\View->CodeIgniter\View\{closure}()
 4 SYSTEMPATH\Common.php(1184): CodeIgniter\View\View->render('index', [], true)
 5 APPPATH\Controllers\LoginController.php(13): view('index')
 6 SYSTEMPATH\CodeIgniter.php(934): App\Controllers\LoginController->index()
 7 SYSTEMPATH\CodeIgniter.php(499): CodeIgniter\CodeIgniter->runController(Object(App\Controllers\LoginController))
 8 SYSTEMPATH\CodeIgniter.php(368): CodeIgniter\CodeIgniter->handleRequest(null, Object(Config\Cache), false)
 9 FCPATH\index.php(67): CodeIgniter\CodeIgniter->run()
CRITICAL - 2023-05-08 04:34:17 --> Undefined variable $session
in APPPATH\Views\index.php on line 191.
 1 APPPATH\Views\index.php(191): CodeIgniter\Debug\Exceptions->errorHandler(2, 'Undefined variable $session', 'C:\\xampp\\htdocs\\project4\\app\\Views\\index.php', 191)
 2 SYSTEMPATH\View\View.php(213): include('C:\\xampp\\htdocs\\project4\\app\\Views\\index.php')
 3 SYSTEMPATH\View\View.php(216): CodeIgniter\View\View->CodeIgniter\View\{closure}()
 4 SYSTEMPATH\Common.php(1184): CodeIgniter\View\View->render('index', [], true)
 5 APPPATH\Controllers\LoginController.php(13): view('index')
 6 SYSTEMPATH\CodeIgniter.php(934): App\Controllers\LoginController->index()
 7 SYSTEMPATH\CodeIgniter.php(499): CodeIgniter\CodeIgniter->runController(Object(App\Controllers\LoginController))
 8 SYSTEMPATH\CodeIgniter.php(368): CodeIgniter\CodeIgniter->handleRequest(null, Object(Config\Cache), false)
 9 FCPATH\index.php(67): CodeIgniter\CodeIgniter->run()
CRITICAL - 2023-05-08 04:36:21 --> Undefined variable $session
in APPPATH\Views\index.php on line 193.
 1 APPPATH\Views\index.php(193): CodeIgniter\Debug\Exceptions->errorHandler(2, 'Undefined variable $session', 'C:\\xampp\\htdocs\\project4\\app\\Views\\index.php', 193)
 2 SYSTEMPATH\View\View.php(213): include('C:\\xampp\\htdocs\\project4\\app\\Views\\index.php')
 3 SYSTEMPATH\View\View.php(216): CodeIgniter\View\View->CodeIgniter\View\{closure}()
 4 SYSTEMPATH\Common.php(1184): CodeIgniter\View\View->render('index', [], true)
 5 APPPATH\Controllers\LoginController.php(29): view('index')
 6 SYSTEMPATH\CodeIgniter.php(934): App\Controllers\LoginController->user_login()
 7 SYSTEMPATH\CodeIgniter.php(499): CodeIgniter\CodeIgniter->runController(Object(App\Controllers\LoginController))
 8 SYSTEMPATH\CodeIgniter.php(368): CodeIgniter\CodeIgniter->handleRequest(null, Object(Config\Cache), false)
 9 FCPATH\index.php(67): CodeIgniter\CodeIgniter->run()
CRITICAL - 2023-05-08 04:43:39 --> The route for "index" cannot be found.
in SYSTEMPATH\HTTP\RedirectResponse.php on line 60.
 1 SYSTEMPATH\HTTP\RedirectResponse.php(60): CodeIgniter\HTTP\Exceptions\HTTPException::forInvalidRedirectRoute('index')
 2 SYSTEMPATH\Common.php(880): CodeIgniter\HTTP\RedirectResponse->route(false)
 3 APPPATH\Controllers\LoginController.php(29): redirect('index')
 4 SYSTEMPATH\CodeIgniter.php(934): App\Controllers\LoginController->user_login()
 5 SYSTEMPATH\CodeIgniter.php(499): CodeIgniter\CodeIgniter->runController(Object(App\Controllers\LoginController))
 6 SYSTEMPATH\CodeIgniter.php(368): CodeIgniter\CodeIgniter->handleRequest(null, Object(Config\Cache), false)
 7 FCPATH\index.php(67): CodeIgniter\CodeIgniter->run()
CRITICAL - 2023-05-08 04:43:48 --> The route for "index" cannot be found.
in SYSTEMPATH\HTTP\RedirectResponse.php on line 60.
 1 SYSTEMPATH\HTTP\RedirectResponse.php(60): CodeIgniter\HTTP\Exceptions\HTTPException::forInvalidRedirectRoute('index')
 2 SYSTEMPATH\Common.php(880): CodeIgniter\HTTP\RedirectResponse->route(false)
 3 APPPATH\Controllers\LoginController.php(29): redirect('index')
 4 SYSTEMPATH\CodeIgniter.php(934): App\Controllers\LoginController->user_login()
 5 SYSTEMPATH\CodeIgniter.php(499): CodeIgniter\CodeIgniter->runController(Object(App\Controllers\LoginController))
 6 SYSTEMPATH\CodeIgniter.php(368): CodeIgniter\CodeIgniter->handleRequest(null, Object(Config\Cache), false)
 7 FCPATH\index.php(67): CodeIgniter\CodeIgniter->run()
CRITICAL - 2023-05-08 04:44:05 --> The route for "inde.php" cannot be found.
in SYSTEMPATH\HTTP\RedirectResponse.php on line 60.
 1 SYSTEMPATH\HTTP\RedirectResponse.php(60): CodeIgniter\HTTP\Exceptions\HTTPException::forInvalidRedirectRoute('inde.php')
 2 SYSTEMPATH\Common.php(880): CodeIgniter\HTTP\RedirectResponse->route(false)
 3 APPPATH\Controllers\LoginController.php(29): redirect('inde.php')
 4 SYSTEMPATH\CodeIgniter.php(934): App\Controllers\LoginController->user_login()
 5 SYSTEMPATH\CodeIgniter.php(499): CodeIgniter\CodeIgniter->runController(Object(App\Controllers\LoginController))
 6 SYSTEMPATH\CodeIgniter.php(368): CodeIgniter\CodeIgniter->handleRequest(null, Object(Config\Cache), false)
 7 FCPATH\index.php(67): CodeIgniter\CodeIgniter->run()
CRITICAL - 2023-05-08 04:44:13 --> The route for "index" cannot be found.
in SYSTEMPATH\HTTP\RedirectResponse.php on line 60.
 1 SYSTEMPATH\HTTP\RedirectResponse.php(60): CodeIgniter\HTTP\Exceptions\HTTPException::forInvalidRedirectRoute('index')
 2 SYSTEMPATH\Common.php(880): CodeIgniter\HTTP\RedirectResponse->route(false)
 3 APPPATH\Controllers\LoginController.php(29): redirect('index')
 4 SYSTEMPATH\CodeIgniter.php(934): App\Controllers\LoginController->user_login()
 5 SYSTEMPATH\CodeIgniter.php(499): CodeIgniter\CodeIgniter->runController(Object(App\Controllers\LoginController))
 6 SYSTEMPATH\CodeIgniter.php(368): CodeIgniter\CodeIgniter->handleRequest(null, Object(Config\Cache), false)
 7 FCPATH\index.php(67): CodeIgniter\CodeIgniter->run()
CRITICAL - 2023-05-08 04:44:24 --> The route for "index" cannot be found.
in SYSTEMPATH\HTTP\RedirectResponse.php on line 60.
 1 SYSTEMPATH\HTTP\RedirectResponse.php(60): CodeIgniter\HTTP\Exceptions\HTTPException::forInvalidRedirectRoute('index')
 2 SYSTEMPATH\Common.php(880): CodeIgniter\HTTP\RedirectResponse->route(false)
 3 APPPATH\Controllers\LoginController.php(29): redirect('index')
 4 SYSTEMPATH\CodeIgniter.php(934): App\Controllers\LoginController->user_login()
 5 SYSTEMPATH\CodeIgniter.php(499): CodeIgniter\CodeIgniter->runController(Object(App\Controllers\LoginController))
 6 SYSTEMPATH\CodeIgniter.php(368): CodeIgniter\CodeIgniter->handleRequest(null, Object(Config\Cache), false)
 7 FCPATH\index.php(67): CodeIgniter\CodeIgniter->run()
CRITICAL - 2023-05-08 04:55:49 --> Undefined variable $user
in APPPATH\Views\admin\header.php on line 18.
 1 APPPATH\Views\admin\header.php(18): CodeIgniter\Debug\Exceptions->errorHandler(2, 'Undefined variable $user', 'C:\\xampp\\htdocs\\project4\\app\\Views\\admin\\header.php', 18)
 2 APPPATH\Views\admin\dashboard.php(39): include('C:\\xampp\\htdocs\\project4\\app\\Views\\admin\\header.php')
 3 SYSTEMPATH\View\View.php(213): include('C:\\xampp\\htdocs\\project4\\app\\Views\\admin\\dashboard.php')
 4 SYSTEMPATH\View\View.php(216): CodeIgniter\View\View->CodeIgniter\View\{closure}()
 5 SYSTEMPATH\Common.php(1184): CodeIgniter\View\View->render('admin/dashboard', [], true)
 6 APPPATH\Controllers\LoginController.php(23): view('admin/dashboard')
 7 SYSTEMPATH\CodeIgniter.php(934): App\Controllers\LoginController->user_login()
 8 SYSTEMPATH\CodeIgniter.php(499): CodeIgniter\CodeIgniter->runController(Object(App\Controllers\LoginController))
 9 SYSTEMPATH\CodeIgniter.php(368): CodeIgniter\CodeIgniter->handleRequest(null, Object(Config\Cache), false)
10 FCPATH\index.php(67): CodeIgniter\CodeIgniter->run()
CRITICAL - 2023-05-08 04:56:18 --> Undefined variable $user
in APPPATH\Views\admin\header.php on line 18.
 1 APPPATH\Views\admin\header.php(18): CodeIgniter\Debug\Exceptions->errorHandler(2, 'Undefined variable $user', 'C:\\xampp\\htdocs\\project4\\app\\Views\\admin\\header.php', 18)
 2 APPPATH\Views\admin\dashboard.php(39): include('C:\\xampp\\htdocs\\project4\\app\\Views\\admin\\header.php')
 3 SYSTEMPATH\View\View.php(213): include('C:\\xampp\\htdocs\\project4\\app\\Views\\admin\\dashboard.php')
 4 SYSTEMPATH\View\View.php(216): CodeIgniter\View\View->CodeIgniter\View\{closure}()
 5 SYSTEMPATH\Common.php(1184): CodeIgniter\View\View->render('admin/dashboard', [], true)
 6 APPPATH\Controllers\LoginController.php(23): view('admin/dashboard')
 7 SYSTEMPATH\CodeIgniter.php(934): App\Controllers\LoginController->user_login()
 8 SYSTEMPATH\CodeIgniter.php(499): CodeIgniter\CodeIgniter->runController(Object(App\Controllers\LoginController))
 9 SYSTEMPATH\CodeIgniter.php(368): CodeIgniter\CodeIgniter->handleRequest(null, Object(Config\Cache), false)
10 FCPATH\index.php(67): CodeIgniter\CodeIgniter->run()
CRITICAL - 2023-05-08 04:56:40 --> Undefined variable $user
in APPPATH\Views\admin\header.php on line 18.
 1 APPPATH\Views\admin\header.php(18): CodeIgniter\Debug\Exceptions->errorHandler(2, 'Undefined variable $user', 'C:\\xampp\\htdocs\\project4\\app\\Views\\admin\\header.php', 18)
 2 APPPATH\Views\admin\dashboard.php(39): include('C:\\xampp\\htdocs\\project4\\app\\Views\\admin\\header.php')
 3 SYSTEMPATH\View\View.php(213): include('C:\\xampp\\htdocs\\project4\\app\\Views\\admin\\dashboard.php')
 4 SYSTEMPATH\View\View.php(216): CodeIgniter\View\View->CodeIgniter\View\{closure}()
 5 SYSTEMPATH\Common.php(1184): CodeIgniter\View\View->render('admin/dashboard', [], true)
 6 APPPATH\Controllers\LoginController.php(23): view('admin/dashboard')
 7 SYSTEMPATH\CodeIgniter.php(934): App\Controllers\LoginController->user_login()
 8 SYSTEMPATH\CodeIgniter.php(499): CodeIgniter\CodeIgniter->runController(Object(App\Controllers\LoginController))
 9 SYSTEMPATH\CodeIgniter.php(368): CodeIgniter\CodeIgniter->handleRequest(null, Object(Config\Cache), false)
10 FCPATH\index.php(67): CodeIgniter\CodeIgniter->run()
CRITICAL - 2023-05-08 04:57:04 --> Undefined variable $user
in APPPATH\Views\admin\header.php on line 19.
 1 APPPATH\Views\admin\header.php(19): CodeIgniter\Debug\Exceptions->errorHandler(2, 'Undefined variable $user', 'C:\\xampp\\htdocs\\project4\\app\\Views\\admin\\header.php', 19)
 2 APPPATH\Views\admin\dashboard.php(39): include('C:\\xampp\\htdocs\\project4\\app\\Views\\admin\\header.php')
 3 SYSTEMPATH\View\View.php(213): include('C:\\xampp\\htdocs\\project4\\app\\Views\\admin\\dashboard.php')
 4 SYSTEMPATH\View\View.php(216): CodeIgniter\View\View->CodeIgniter\View\{closure}()
 5 SYSTEMPATH\Common.php(1184): CodeIgniter\View\View->render('admin/dashboard', [], true)
 6 APPPATH\Controllers\LoginController.php(23): view('admin/dashboard')
 7 SYSTEMPATH\CodeIgniter.php(934): App\Controllers\LoginController->user_login()
 8 SYSTEMPATH\CodeIgniter.php(499): CodeIgniter\CodeIgniter->runController(Object(App\Controllers\LoginController))
 9 SYSTEMPATH\CodeIgniter.php(368): CodeIgniter\CodeIgniter->handleRequest(null, Object(Config\Cache), false)
10 FCPATH\index.php(67): CodeIgniter\CodeIgniter->run()
CRITICAL - 2023-05-08 04:59:33 --> Call to undefined function lowercase()
in APPPATH\Views\admin\header.php on line 19.
 1 APPPATH\Views\admin\dashboard.php(39): include()
 2 SYSTEMPATH\View\View.php(213): include('C:\\xampp\\htdocs\\project4\\app\\Views\\admin\\dashboard.php')
 3 SYSTEMPATH\View\View.php(216): CodeIgniter\View\View->CodeIgniter\View\{closure}()
 4 SYSTEMPATH\Common.php(1184): CodeIgniter\View\View->render('admin/dashboard', [], true)
 5 APPPATH\Controllers\LoginController.php(23): view('admin/dashboard')
 6 SYSTEMPATH\CodeIgniter.php(934): App\Controllers\LoginController->user_login()
 7 SYSTEMPATH\CodeIgniter.php(499): CodeIgniter\CodeIgniter->runController(Object(App\Controllers\LoginController))
 8 SYSTEMPATH\CodeIgniter.php(368): CodeIgniter\CodeIgniter->handleRequest(null, Object(Config\Cache), false)
 9 FCPATH\index.php(67): CodeIgniter\CodeIgniter->run()
CRITICAL - 2023-05-08 05:10:13 --> Call to undefined method CodeIgniter\Session\Session::destory()
in APPPATH\Controllers\LoginController.php on line 42.
 1 SYSTEMPATH\CodeIgniter.php(934): App\Controllers\LoginController->logout()
 2 SYSTEMPATH\CodeIgniter.php(499): CodeIgniter\CodeIgniter->runController(Object(App\Controllers\LoginController))
 3 SYSTEMPATH\CodeIgniter.php(368): CodeIgniter\CodeIgniter->handleRequest(null, Object(Config\Cache), false)
 4 FCPATH\index.php(67): CodeIgniter\CodeIgniter->run()
CRITICAL - 2023-05-08 05:10:54 --> Call to undefined method CodeIgniter\Session\Session::destory()
in APPPATH\Controllers\LoginController.php on line 42.
 1 SYSTEMPATH\CodeIgniter.php(934): App\Controllers\LoginController->logout()
 2 SYSTEMPATH\CodeIgniter.php(499): CodeIgniter\CodeIgniter->runController(Object(App\Controllers\LoginController))
 3 SYSTEMPATH\CodeIgniter.php(368): CodeIgniter\CodeIgniter->handleRequest(null, Object(Config\Cache), false)
 4 FCPATH\index.php(67): CodeIgniter\CodeIgniter->run()
CRITICAL - 2023-05-08 08:47:35 --> Invalid file: "district_school.php"
in SYSTEMPATH\Exceptions\FrameworkException.php on line 33.
 1 SYSTEMPATH\View\View.php(201): CodeIgniter\Exceptions\FrameworkException::forInvalidFile('district_school.php')
 2 SYSTEMPATH\Common.php(1184): CodeIgniter\View\View->render('district_school', [], true)
 3 APPPATH\Controllers\LoginController.php(44): view('district_school')
 4 SYSTEMPATH\CodeIgniter.php(934): App\Controllers\LoginController->district_school()
 5 SYSTEMPATH\CodeIgniter.php(499): CodeIgniter\CodeIgniter->runController(Object(App\Controllers\LoginController))
 6 SYSTEMPATH\CodeIgniter.php(368): CodeIgniter\CodeIgniter->handleRequest(null, Object(Config\Cache), false)
 7 FCPATH\index.php(67): CodeIgniter\CodeIgniter->run()
CRITICAL - 2023-05-08 08:47:38 --> Invalid file: "district_school.php"
in SYSTEMPATH\Exceptions\FrameworkException.php on line 33.
 1 SYSTEMPATH\View\View.php(201): CodeIgniter\Exceptions\FrameworkException::forInvalidFile('district_school.php')
 2 SYSTEMPATH\Common.php(1184): CodeIgniter\View\View->render('district_school', [], true)
 3 APPPATH\Controllers\LoginController.php(44): view('district_school')
 4 SYSTEMPATH\CodeIgniter.php(934): App\Controllers\LoginController->district_school()
 5 SYSTEMPATH\CodeIgniter.php(499): CodeIgniter\CodeIgniter->runController(Object(App\Controllers\LoginController))
 6 SYSTEMPATH\CodeIgniter.php(368): CodeIgniter\CodeIgniter->handleRequest(null, Object(Config\Cache), false)
 7 FCPATH\index.php(67): CodeIgniter\CodeIgniter->run()
CRITICAL - 2023-05-08 08:47:52 --> Invalid file: "district_school.php"
in SYSTEMPATH\Exceptions\FrameworkException.php on line 33.
 1 SYSTEMPATH\View\View.php(201): CodeIgniter\Exceptions\FrameworkException::forInvalidFile('district_school.php')
 2 SYSTEMPATH\Common.php(1184): CodeIgniter\View\View->render('district_school', [], true)
 3 APPPATH\Controllers\LoginController.php(44): view('district_school')
 4 SYSTEMPATH\CodeIgniter.php(934): App\Controllers\LoginController->district_school()
 5 SYSTEMPATH\CodeIgniter.php(499): CodeIgniter\CodeIgniter->runController(Object(App\Controllers\LoginController))
 6 SYSTEMPATH\CodeIgniter.php(368): CodeIgniter\CodeIgniter->handleRequest(null, Object(Config\Cache), false)
 7 FCPATH\index.php(67): CodeIgniter\CodeIgniter->run()
CRITICAL - 2023-05-08 09:18:36 --> Call to undefined method App\Models\ReportModel::find_all
in SYSTEMPATH\Model.php on line 842.
 1 APPPATH\Controllers\LoginController.php(41): CodeIgniter\Model->__call('find_all', [])
 2 SYSTEMPATH\CodeIgniter.php(934): App\Controllers\LoginController->reports()
 3 SYSTEMPATH\CodeIgniter.php(499): CodeIgniter\CodeIgniter->runController(Object(App\Controllers\LoginController))
 4 SYSTEMPATH\CodeIgniter.php(368): CodeIgniter\CodeIgniter->handleRequest(null, Object(Config\Cache), false)
 5 FCPATH\index.php(67): CodeIgniter\CodeIgniter->run()
CRITICAL - 2023-05-08 09:19:31 --> Attempt to read property "report" on array
in APPPATH\Controllers\LoginController.php on line 43.
 1 APPPATH\Controllers\LoginController.php(43): CodeIgniter\Debug\Exceptions->errorHandler(2, 'Attempt to read property "report" on array', 'C:\\xampp\\htdocs\\project4\\app\\Controllers\\LoginController.php', 43)
 2 SYSTEMPATH\CodeIgniter.php(934): App\Controllers\LoginController->reports()
 3 SYSTEMPATH\CodeIgniter.php(499): CodeIgniter\CodeIgniter->runController(Object(App\Controllers\LoginController))
 4 SYSTEMPATH\CodeIgniter.php(368): CodeIgniter\CodeIgniter->handleRequest(null, Object(Config\Cache), false)
 5 FCPATH\index.php(67): CodeIgniter\CodeIgniter->run()
CRITICAL - 2023-05-08 09:19:33 --> Attempt to read property "report" on array
in APPPATH\Controllers\LoginController.php on line 43.
 1 APPPATH\Controllers\LoginController.php(43): CodeIgniter\Debug\Exceptions->errorHandler(2, 'Attempt to read property "report" on array', 'C:\\xampp\\htdocs\\project4\\app\\Controllers\\LoginController.php', 43)
 2 SYSTEMPATH\CodeIgniter.php(934): App\Controllers\LoginController->reports()
 3 SYSTEMPATH\CodeIgniter.php(499): CodeIgniter\CodeIgniter->runController(Object(App\Controllers\LoginController))
 4 SYSTEMPATH\CodeIgniter.php(368): CodeIgniter\CodeIgniter->handleRequest(null, Object(Config\Cache), false)
 5 FCPATH\index.php(67): CodeIgniter\CodeIgniter->run()
CRITICAL - 2023-05-08 09:19:35 --> Attempt to read property "report" on array
in APPPATH\Controllers\LoginController.php on line 43.
 1 APPPATH\Controllers\LoginController.php(43): CodeIgniter\Debug\Exceptions->errorHandler(2, 'Attempt to read property "report" on array', 'C:\\xampp\\htdocs\\project4\\app\\Controllers\\LoginController.php', 43)
 2 SYSTEMPATH\CodeIgniter.php(934): App\Controllers\LoginController->reports()
 3 SYSTEMPATH\CodeIgniter.php(499): CodeIgniter\CodeIgniter->runController(Object(App\Controllers\LoginController))
 4 SYSTEMPATH\CodeIgniter.php(368): CodeIgniter\CodeIgniter->handleRequest(null, Object(Config\Cache), false)
 5 FCPATH\index.php(67): CodeIgniter\CodeIgniter->run()
CRITICAL - 2023-05-08 09:26:54 --> Undefined array key 0
in APPPATH\Controllers\LoginController.php on line 43.
 1 APPPATH\Controllers\LoginController.php(43): CodeIgniter\Debug\Exceptions->errorHandler(2, 'Undefined array key 0', 'C:\\xampp\\htdocs\\project4\\app\\Controllers\\LoginController.php', 43)
 2 SYSTEMPATH\CodeIgniter.php(934): App\Controllers\LoginController->reports()
 3 SYSTEMPATH\CodeIgniter.php(499): CodeIgniter\CodeIgniter->runController(Object(App\Controllers\LoginController))
 4 SYSTEMPATH\CodeIgniter.php(368): CodeIgniter\CodeIgniter->handleRequest(null, Object(Config\Cache), false)
 5 FCPATH\index.php(67): CodeIgniter\CodeIgniter->run()
CRITICAL - 2023-05-08 09:26:56 --> Undefined array key 0
in APPPATH\Controllers\LoginController.php on line 43.
 1 APPPATH\Controllers\LoginController.php(43): CodeIgniter\Debug\Exceptions->errorHandler(2, 'Undefined array key 0', 'C:\\xampp\\htdocs\\project4\\app\\Controllers\\LoginController.php', 43)
 2 SYSTEMPATH\CodeIgniter.php(934): App\Controllers\LoginController->reports()
 3 SYSTEMPATH\CodeIgniter.php(499): CodeIgniter\CodeIgniter->runController(Object(App\Controllers\LoginController))
 4 SYSTEMPATH\CodeIgniter.php(368): CodeIgniter\CodeIgniter->handleRequest(null, Object(Config\Cache), false)
 5 FCPATH\index.php(67): CodeIgniter\CodeIgniter->run()
CRITICAL - 2023-05-08 09:27:08 --> Undefined array key 0
in APPPATH\Controllers\LoginController.php on line 43.
 1 APPPATH\Controllers\LoginController.php(43): CodeIgniter\Debug\Exceptions->errorHandler(2, 'Undefined array key 0', 'C:\\xampp\\htdocs\\project4\\app\\Controllers\\LoginController.php', 43)
 2 SYSTEMPATH\CodeIgniter.php(934): App\Controllers\LoginController->reports()
 3 SYSTEMPATH\CodeIgniter.php(499): CodeIgniter\CodeIgniter->runController(Object(App\Controllers\LoginController))
 4 SYSTEMPATH\CodeIgniter.php(368): CodeIgniter\CodeIgniter->handleRequest(null, Object(Config\Cache), false)
 5 FCPATH\index.php(67): CodeIgniter\CodeIgniter->run()
CRITICAL - 2023-05-08 09:27:10 --> Undefined array key 0
in APPPATH\Controllers\LoginController.php on line 43.
 1 APPPATH\Controllers\LoginController.php(43): CodeIgniter\Debug\Exceptions->errorHandler(2, 'Undefined array key 0', 'C:\\xampp\\htdocs\\project4\\app\\Controllers\\LoginController.php', 43)
 2 SYSTEMPATH\CodeIgniter.php(934): App\Controllers\LoginController->reports()
 3 SYSTEMPATH\CodeIgniter.php(499): CodeIgniter\CodeIgniter->runController(Object(App\Controllers\LoginController))
 4 SYSTEMPATH\CodeIgniter.php(368): CodeIgniter\CodeIgniter->handleRequest(null, Object(Config\Cache), false)
 5 FCPATH\index.php(67): CodeIgniter\CodeIgniter->run()
CRITICAL - 2023-05-08 09:27:11 --> Undefined array key 0
in APPPATH\Controllers\LoginController.php on line 43.
 1 APPPATH\Controllers\LoginController.php(43): CodeIgniter\Debug\Exceptions->errorHandler(2, 'Undefined array key 0', 'C:\\xampp\\htdocs\\project4\\app\\Controllers\\LoginController.php', 43)
 2 SYSTEMPATH\CodeIgniter.php(934): App\Controllers\LoginController->reports()
 3 SYSTEMPATH\CodeIgniter.php(499): CodeIgniter\CodeIgniter->runController(Object(App\Controllers\LoginController))
 4 SYSTEMPATH\CodeIgniter.php(368): CodeIgniter\CodeIgniter->handleRequest(null, Object(Config\Cache), false)
 5 FCPATH\index.php(67): CodeIgniter\CodeIgniter->run()
CRITICAL - 2023-05-08 09:27:11 --> Undefined array key 0
in APPPATH\Controllers\LoginController.php on line 43.
 1 APPPATH\Controllers\LoginController.php(43): CodeIgniter\Debug\Exceptions->errorHandler(2, 'Undefined array key 0', 'C:\\xampp\\htdocs\\project4\\app\\Controllers\\LoginController.php', 43)
 2 SYSTEMPATH\CodeIgniter.php(934): App\Controllers\LoginController->reports()
 3 SYSTEMPATH\CodeIgniter.php(499): CodeIgniter\CodeIgniter->runController(Object(App\Controllers\LoginController))
 4 SYSTEMPATH\CodeIgniter.php(368): CodeIgniter\CodeIgniter->handleRequest(null, Object(Config\Cache), false)
 5 FCPATH\index.php(67): CodeIgniter\CodeIgniter->run()
CRITICAL - 2023-05-08 09:42:15 --> Undefined array key "course_id"
in APPPATH\Views\admin\reports.php on line 102.
 1 APPPATH\Views\admin\reports.php(102): CodeIgniter\Debug\Exceptions->errorHandler(2, 'Undefined array key "course_id"', 'C:\\xampp\\htdocs\\project4\\app\\Views\\admin\\reports.php', 102)
 2 SYSTEMPATH\View\View.php(213): include('C:\\xampp\\htdocs\\project4\\app\\Views\\admin\\reports.php')
 3 SYSTEMPATH\View\View.php(216): CodeIgniter\View\View->CodeIgniter\View\{closure}()
 4 SYSTEMPATH\Common.php(1184): CodeIgniter\View\View->render('admin/reports', [], true)
 5 APPPATH\Controllers\LoginController.php(45): view('admin/reports', [...])
 6 SYSTEMPATH\CodeIgniter.php(934): App\Controllers\LoginController->reports()
 7 SYSTEMPATH\CodeIgniter.php(499): CodeIgniter\CodeIgniter->runController(Object(App\Controllers\LoginController))
 8 SYSTEMPATH\CodeIgniter.php(368): CodeIgniter\CodeIgniter->handleRequest(null, Object(Config\Cache), false)
 9 FCPATH\index.php(67): CodeIgniter\CodeIgniter->run()
CRITICAL - 2023-05-08 09:42:17 --> Undefined array key "course_id"
in APPPATH\Views\admin\reports.php on line 102.
 1 APPPATH\Views\admin\reports.php(102): CodeIgniter\Debug\Exceptions->errorHandler(2, 'Undefined array key "course_id"', 'C:\\xampp\\htdocs\\project4\\app\\Views\\admin\\reports.php', 102)
 2 SYSTEMPATH\View\View.php(213): include('C:\\xampp\\htdocs\\project4\\app\\Views\\admin\\reports.php')
 3 SYSTEMPATH\View\View.php(216): CodeIgniter\View\View->CodeIgniter\View\{closure}()
 4 SYSTEMPATH\Common.php(1184): CodeIgniter\View\View->render('admin/reports', [], true)
 5 APPPATH\Controllers\LoginController.php(45): view('admin/reports', [...])
 6 SYSTEMPATH\CodeIgniter.php(934): App\Controllers\LoginController->reports()
 7 SYSTEMPATH\CodeIgniter.php(499): CodeIgniter\CodeIgniter->runController(Object(App\Controllers\LoginController))
 8 SYSTEMPATH\CodeIgniter.php(368): CodeIgniter\CodeIgniter->handleRequest(null, Object(Config\Cache), false)
 9 FCPATH\index.php(67): CodeIgniter\CodeIgniter->run()
CRITICAL - 2023-05-08 09:43:31 --> Undefined array key "course"
in APPPATH\Views\admin\reports.php on line 98.
 1 APPPATH\Views\admin\reports.php(98): CodeIgniter\Debug\Exceptions->errorHandler(2, 'Undefined array key "course"', 'C:\\xampp\\htdocs\\project4\\app\\Views\\admin\\reports.php', 98)
 2 SYSTEMPATH\View\View.php(213): include('C:\\xampp\\htdocs\\project4\\app\\Views\\admin\\reports.php')
 3 SYSTEMPATH\View\View.php(216): CodeIgniter\View\View->CodeIgniter\View\{closure}()
 4 SYSTEMPATH\Common.php(1184): CodeIgniter\View\View->render('admin/reports', [], true)
 5 APPPATH\Controllers\LoginController.php(45): view('admin/reports', [...])
 6 SYSTEMPATH\CodeIgniter.php(934): App\Controllers\LoginController->reports()
 7 SYSTEMPATH\CodeIgniter.php(499): CodeIgniter\CodeIgniter->runController(Object(App\Controllers\LoginController))
 8 SYSTEMPATH\CodeIgniter.php(368): CodeIgniter\CodeIgniter->handleRequest(null, Object(Config\Cache), false)
 9 FCPATH\index.php(67): CodeIgniter\CodeIgniter->run()
CRITICAL - 2023-05-08 09:43:57 --> The route for "admin/reports" cannot be found.
in SYSTEMPATH\HTTP\RedirectResponse.php on line 60.
 1 SYSTEMPATH\HTTP\RedirectResponse.php(60): CodeIgniter\HTTP\Exceptions\HTTPException::forInvalidRedirectRoute('admin/reports')
 2 SYSTEMPATH\Common.php(880): CodeIgniter\HTTP\RedirectResponse->route(false)
 3 APPPATH\Controllers\LoginController.php(45): redirect('admin/reports', [...])
 4 SYSTEMPATH\CodeIgniter.php(934): App\Controllers\LoginController->reports()
 5 SYSTEMPATH\CodeIgniter.php(499): CodeIgniter\CodeIgniter->runController(Object(App\Controllers\LoginController))
 6 SYSTEMPATH\CodeIgniter.php(368): CodeIgniter\CodeIgniter->handleRequest(null, Object(Config\Cache), false)
 7 FCPATH\index.php(67): CodeIgniter\CodeIgniter->run()
CRITICAL - 2023-05-08 09:44:02 --> The route for "admin/reports" cannot be found.
in SYSTEMPATH\HTTP\RedirectResponse.php on line 60.
 1 SYSTEMPATH\HTTP\RedirectResponse.php(60): CodeIgniter\HTTP\Exceptions\HTTPException::forInvalidRedirectRoute('admin/reports')
 2 SYSTEMPATH\Common.php(880): CodeIgniter\HTTP\RedirectResponse->route(false)
 3 APPPATH\Controllers\LoginController.php(45): redirect('admin/reports', [...])
 4 SYSTEMPATH\CodeIgniter.php(934): App\Controllers\LoginController->reports()
 5 SYSTEMPATH\CodeIgniter.php(499): CodeIgniter\CodeIgniter->runController(Object(App\Controllers\LoginController))
 6 SYSTEMPATH\CodeIgniter.php(368): CodeIgniter\CodeIgniter->handleRequest(null, Object(Config\Cache), false)
 7 FCPATH\index.php(67): CodeIgniter\CodeIgniter->run()
CRITICAL - 2023-05-08 09:44:04 --> The route for "admin/reports" cannot be found.
in SYSTEMPATH\HTTP\RedirectResponse.php on line 60.
 1 SYSTEMPATH\HTTP\RedirectResponse.php(60): CodeIgniter\HTTP\Exceptions\HTTPException::forInvalidRedirectRoute('admin/reports')
 2 SYSTEMPATH\Common.php(880): CodeIgniter\HTTP\RedirectResponse->route(false)
 3 APPPATH\Controllers\LoginController.php(45): redirect('admin/reports', [...])
 4 SYSTEMPATH\CodeIgniter.php(934): App\Controllers\LoginController->reports()
 5 SYSTEMPATH\CodeIgniter.php(499): CodeIgniter\CodeIgniter->runController(Object(App\Controllers\LoginController))
 6 SYSTEMPATH\CodeIgniter.php(368): CodeIgniter\CodeIgniter->handleRequest(null, Object(Config\Cache), false)
 7 FCPATH\index.php(67): CodeIgniter\CodeIgniter->run()
CRITICAL - 2023-05-08 09:44:05 --> The route for "admin/reports" cannot be found.
in SYSTEMPATH\HTTP\RedirectResponse.php on line 60.
 1 SYSTEMPATH\HTTP\RedirectResponse.php(60): CodeIgniter\HTTP\Exceptions\HTTPException::forInvalidRedirectRoute('admin/reports')
 2 SYSTEMPATH\Common.php(880): CodeIgniter\HTTP\RedirectResponse->route(false)
 3 APPPATH\Controllers\LoginController.php(45): redirect('admin/reports', [...])
 4 SYSTEMPATH\CodeIgniter.php(934): App\Controllers\LoginController->reports()
 5 SYSTEMPATH\CodeIgniter.php(499): CodeIgniter\CodeIgniter->runController(Object(App\Controllers\LoginController))
 6 SYSTEMPATH\CodeIgniter.php(368): CodeIgniter\CodeIgniter->handleRequest(null, Object(Config\Cache), false)
 7 FCPATH\index.php(67): CodeIgniter\CodeIgniter->run()
CRITICAL - 2023-05-08 09:44:06 --> The route for "admin/reports" cannot be found.
in SYSTEMPATH\HTTP\RedirectResponse.php on line 60.
 1 SYSTEMPATH\HTTP\RedirectResponse.php(60): CodeIgniter\HTTP\Exceptions\HTTPException::forInvalidRedirectRoute('admin/reports')
 2 SYSTEMPATH\Common.php(880): CodeIgniter\HTTP\RedirectResponse->route(false)
 3 APPPATH\Controllers\LoginController.php(45): redirect('admin/reports', [...])
 4 SYSTEMPATH\CodeIgniter.php(934): App\Controllers\LoginController->reports()
 5 SYSTEMPATH\CodeIgniter.php(499): CodeIgniter\CodeIgniter->runController(Object(App\Controllers\LoginController))
 6 SYSTEMPATH\CodeIgniter.php(368): CodeIgniter\CodeIgniter->handleRequest(null, Object(Config\Cache), false)
 7 FCPATH\index.php(67): CodeIgniter\CodeIgniter->run()
CRITICAL - 2023-05-08 09:44:19 --> The route for "admin/reports" cannot be found.
in SYSTEMPATH\HTTP\RedirectResponse.php on line 60.
 1 SYSTEMPATH\HTTP\RedirectResponse.php(60): CodeIgniter\HTTP\Exceptions\HTTPException::forInvalidRedirectRoute('admin/reports')
 2 SYSTEMPATH\Common.php(880): CodeIgniter\HTTP\RedirectResponse->route(false)
 3 APPPATH\Controllers\LoginController.php(45): redirect('admin/reports', [...])
 4 SYSTEMPATH\CodeIgniter.php(934): App\Controllers\LoginController->reports()
 5 SYSTEMPATH\CodeIgniter.php(499): CodeIgniter\CodeIgniter->runController(Object(App\Controllers\LoginController))
 6 SYSTEMPATH\CodeIgniter.php(368): CodeIgniter\CodeIgniter->handleRequest(null, Object(Config\Cache), false)
 7 FCPATH\index.php(67): CodeIgniter\CodeIgniter->run()
CRITICAL - 2023-05-08 09:44:54 --> Undefined variable $lc_report
in APPPATH\Views\admin\reports.php on line 98.
 1 APPPATH\Views\admin\reports.php(98): CodeIgniter\Debug\Exceptions->errorHandler(2, 'Undefined variable $lc_report', 'C:\\xampp\\htdocs\\project4\\app\\Views\\admin\\reports.php', 98)
 2 SYSTEMPATH\View\View.php(213): include('C:\\xampp\\htdocs\\project4\\app\\Views\\admin\\reports.php')
 3 SYSTEMPATH\View\View.php(216): CodeIgniter\View\View->CodeIgniter\View\{closure}()
 4 SYSTEMPATH\Common.php(1184): CodeIgniter\View\View->render('admin/reports', [], true)
 5 APPPATH\Controllers\LoginController.php(45): view('admin/reports', [...])
 6 SYSTEMPATH\CodeIgniter.php(934): App\Controllers\LoginController->reports()
 7 SYSTEMPATH\CodeIgniter.php(499): CodeIgniter\CodeIgniter->runController(Object(App\Controllers\LoginController))
 8 SYSTEMPATH\CodeIgniter.php(368): CodeIgniter\CodeIgniter->handleRequest(null, Object(Config\Cache), false)
 9 FCPATH\index.php(67): CodeIgniter\CodeIgniter->run()
CRITICAL - 2023-05-08 09:44:56 --> Undefined variable $lc_report
in APPPATH\Views\admin\reports.php on line 98.
 1 APPPATH\Views\admin\reports.php(98): CodeIgniter\Debug\Exceptions->errorHandler(2, 'Undefined variable $lc_report', 'C:\\xampp\\htdocs\\project4\\app\\Views\\admin\\reports.php', 98)
 2 SYSTEMPATH\View\View.php(213): include('C:\\xampp\\htdocs\\project4\\app\\Views\\admin\\reports.php')
 3 SYSTEMPATH\View\View.php(216): CodeIgniter\View\View->CodeIgniter\View\{closure}()
 4 SYSTEMPATH\Common.php(1184): CodeIgniter\View\View->render('admin/reports', [], true)
 5 APPPATH\Controllers\LoginController.php(45): view('admin/reports', [...])
 6 SYSTEMPATH\CodeIgniter.php(934): App\Controllers\LoginController->reports()
 7 SYSTEMPATH\CodeIgniter.php(499): CodeIgniter\CodeIgniter->runController(Object(App\Controllers\LoginController))
 8 SYSTEMPATH\CodeIgniter.php(368): CodeIgniter\CodeIgniter->handleRequest(null, Object(Config\Cache), false)
 9 FCPATH\index.php(67): CodeIgniter\CodeIgniter->run()
CRITICAL - 2023-05-08 09:48:04 --> Undefined array key "course_id"
in APPPATH\Views\admin\reports.php on line 102.
 1 APPPATH\Views\admin\reports.php(102): CodeIgniter\Debug\Exceptions->errorHandler(2, 'Undefined array key "course_id"', 'C:\\xampp\\htdocs\\project4\\app\\Views\\admin\\reports.php', 102)
 2 SYSTEMPATH\View\View.php(213): include('C:\\xampp\\htdocs\\project4\\app\\Views\\admin\\reports.php')
 3 SYSTEMPATH\View\View.php(216): CodeIgniter\View\View->CodeIgniter\View\{closure}()
 4 SYSTEMPATH\Common.php(1184): CodeIgniter\View\View->render('admin/reports', [], true)
 5 APPPATH\Controllers\LoginController.php(45): view('admin/reports', [...])
 6 SYSTEMPATH\CodeIgniter.php(934): App\Controllers\LoginController->reports()
 7 SYSTEMPATH\CodeIgniter.php(499): CodeIgniter\CodeIgniter->runController(Object(App\Controllers\LoginController))
 8 SYSTEMPATH\CodeIgniter.php(368): CodeIgniter\CodeIgniter->handleRequest(null, Object(Config\Cache), false)
 9 FCPATH\index.php(67): CodeIgniter\CodeIgniter->run()
CRITICAL - 2023-05-08 09:48:06 --> Undefined array key "course_id"
in APPPATH\Views\admin\reports.php on line 102.
 1 APPPATH\Views\admin\reports.php(102): CodeIgniter\Debug\Exceptions->errorHandler(2, 'Undefined array key "course_id"', 'C:\\xampp\\htdocs\\project4\\app\\Views\\admin\\reports.php', 102)
 2 SYSTEMPATH\View\View.php(213): include('C:\\xampp\\htdocs\\project4\\app\\Views\\admin\\reports.php')
 3 SYSTEMPATH\View\View.php(216): CodeIgniter\View\View->CodeIgniter\View\{closure}()
 4 SYSTEMPATH\Common.php(1184): CodeIgniter\View\View->render('admin/reports', [], true)
 5 APPPATH\Controllers\LoginController.php(45): view('admin/reports', [...])
 6 SYSTEMPATH\CodeIgniter.php(934): App\Controllers\LoginController->reports()
 7 SYSTEMPATH\CodeIgniter.php(499): CodeIgniter\CodeIgniter->runController(Object(App\Controllers\LoginController))
 8 SYSTEMPATH\CodeIgniter.php(368): CodeIgniter\CodeIgniter->handleRequest(null, Object(Config\Cache), false)
 9 FCPATH\index.php(67): CodeIgniter\CodeIgniter->run()
CRITICAL - 2023-05-08 09:49:23 --> Undefined array key "report"
in APPPATH\Views\admin\reports.php on line 99.
 1 APPPATH\Views\admin\reports.php(99): CodeIgniter\Debug\Exceptions->errorHandler(2, 'Undefined array key "report"', 'C:\\xampp\\htdocs\\project4\\app\\Views\\admin\\reports.php', 99)
 2 SYSTEMPATH\View\View.php(213): include('C:\\xampp\\htdocs\\project4\\app\\Views\\admin\\reports.php')
 3 SYSTEMPATH\View\View.php(216): CodeIgniter\View\View->CodeIgniter\View\{closure}()
 4 SYSTEMPATH\Common.php(1184): CodeIgniter\View\View->render('admin/reports', [], true)
 5 APPPATH\Controllers\LoginController.php(45): view('admin/reports', [...])
 6 SYSTEMPATH\CodeIgniter.php(934): App\Controllers\LoginController->reports()
 7 SYSTEMPATH\CodeIgniter.php(499): CodeIgniter\CodeIgniter->runController(Object(App\Controllers\LoginController))
 8 SYSTEMPATH\CodeIgniter.php(368): CodeIgniter\CodeIgniter->handleRequest(null, Object(Config\Cache), false)
 9 FCPATH\index.php(67): CodeIgniter\CodeIgniter->run()
CRITICAL - 2023-05-08 09:49:24 --> Undefined array key "report"
in APPPATH\Views\admin\reports.php on line 99.
 1 APPPATH\Views\admin\reports.php(99): CodeIgniter\Debug\Exceptions->errorHandler(2, 'Undefined array key "report"', 'C:\\xampp\\htdocs\\project4\\app\\Views\\admin\\reports.php', 99)
 2 SYSTEMPATH\View\View.php(213): include('C:\\xampp\\htdocs\\project4\\app\\Views\\admin\\reports.php')
 3 SYSTEMPATH\View\View.php(216): CodeIgniter\View\View->CodeIgniter\View\{closure}()
 4 SYSTEMPATH\Common.php(1184): CodeIgniter\View\View->render('admin/reports', [], true)
 5 APPPATH\Controllers\LoginController.php(45): view('admin/reports', [...])
 6 SYSTEMPATH\CodeIgniter.php(934): App\Controllers\LoginController->reports()
 7 SYSTEMPATH\CodeIgniter.php(499): CodeIgniter\CodeIgniter->runController(Object(App\Controllers\LoginController))
 8 SYSTEMPATH\CodeIgniter.php(368): CodeIgniter\CodeIgniter->handleRequest(null, Object(Config\Cache), false)
 9 FCPATH\index.php(67): CodeIgniter\CodeIgniter->run()
CRITICAL - 2023-05-08 09:51:56 --> foreach() argument must be of type array|object, string given
in APPPATH\Views\admin\reports.php on line 103.
 1 APPPATH\Views\admin\reports.php(103): CodeIgniter\Debug\Exceptions->errorHandler(2, 'foreach() argument must be of type array|object, string given', 'C:\\xampp\\htdocs\\project4\\app\\Views\\admin\\reports.php', 103)
 2 SYSTEMPATH\View\View.php(213): include('C:\\xampp\\htdocs\\project4\\app\\Views\\admin\\reports.php')
 3 SYSTEMPATH\View\View.php(216): CodeIgniter\View\View->CodeIgniter\View\{closure}()
 4 SYSTEMPATH\Common.php(1184): CodeIgniter\View\View->render('admin/reports', [], true)
 5 APPPATH\Controllers\LoginController.php(45): view('admin/reports', [...])
 6 SYSTEMPATH\CodeIgniter.php(934): App\Controllers\LoginController->reports()
 7 SYSTEMPATH\CodeIgniter.php(499): CodeIgniter\CodeIgniter->runController(Object(App\Controllers\LoginController))
 8 SYSTEMPATH\CodeIgniter.php(368): CodeIgniter\CodeIgniter->handleRequest(null, Object(Config\Cache), false)
 9 FCPATH\index.php(67): CodeIgniter\CodeIgniter->run()
CRITICAL - 2023-05-08 09:51:58 --> foreach() argument must be of type array|object, string given
in APPPATH\Views\admin\reports.php on line 103.
 1 APPPATH\Views\admin\reports.php(103): CodeIgniter\Debug\Exceptions->errorHandler(2, 'foreach() argument must be of type array|object, string given', 'C:\\xampp\\htdocs\\project4\\app\\Views\\admin\\reports.php', 103)
 2 SYSTEMPATH\View\View.php(213): include('C:\\xampp\\htdocs\\project4\\app\\Views\\admin\\reports.php')
 3 SYSTEMPATH\View\View.php(216): CodeIgniter\View\View->CodeIgniter\View\{closure}()
 4 SYSTEMPATH\Common.php(1184): CodeIgniter\View\View->render('admin/reports', [], true)
 5 APPPATH\Controllers\LoginController.php(45): view('admin/reports', [...])
 6 SYSTEMPATH\CodeIgniter.php(934): App\Controllers\LoginController->reports()
 7 SYSTEMPATH\CodeIgniter.php(499): CodeIgniter\CodeIgniter->runController(Object(App\Controllers\LoginController))
 8 SYSTEMPATH\CodeIgniter.php(368): CodeIgniter\CodeIgniter->handleRequest(null, Object(Config\Cache), false)
 9 FCPATH\index.php(67): CodeIgniter\CodeIgniter->run()
CRITICAL - 2023-05-08 09:53:39 --> Undefined array key "report"
in APPPATH\Views\admin\reports.php on line 104.
 1 APPPATH\Views\admin\reports.php(104): CodeIgniter\Debug\Exceptions->errorHandler(2, 'Undefined array key "report"', 'C:\\xampp\\htdocs\\project4\\app\\Views\\admin\\reports.php', 104)
 2 SYSTEMPATH\View\View.php(213): include('C:\\xampp\\htdocs\\project4\\app\\Views\\admin\\reports.php')
 3 SYSTEMPATH\View\View.php(216): CodeIgniter\View\View->CodeIgniter\View\{closure}()
 4 SYSTEMPATH\Common.php(1184): CodeIgniter\View\View->render('admin/reports', [], true)
 5 APPPATH\Controllers\LoginController.php(45): view('admin/reports', [...])
 6 SYSTEMPATH\CodeIgniter.php(934): App\Controllers\LoginController->reports()
 7 SYSTEMPATH\CodeIgniter.php(499): CodeIgniter\CodeIgniter->runController(Object(App\Controllers\LoginController))
 8 SYSTEMPATH\CodeIgniter.php(368): CodeIgniter\CodeIgniter->handleRequest(null, Object(Config\Cache), false)
 9 FCPATH\index.php(67): CodeIgniter\CodeIgniter->run()
CRITICAL - 2023-05-08 09:53:41 --> Undefined array key "report"
in APPPATH\Views\admin\reports.php on line 104.
 1 APPPATH\Views\admin\reports.php(104): CodeIgniter\Debug\Exceptions->errorHandler(2, 'Undefined array key "report"', 'C:\\xampp\\htdocs\\project4\\app\\Views\\admin\\reports.php', 104)
 2 SYSTEMPATH\View\View.php(213): include('C:\\xampp\\htdocs\\project4\\app\\Views\\admin\\reports.php')
 3 SYSTEMPATH\View\View.php(216): CodeIgniter\View\View->CodeIgniter\View\{closure}()
 4 SYSTEMPATH\Common.php(1184): CodeIgniter\View\View->render('admin/reports', [], true)
 5 APPPATH\Controllers\LoginController.php(45): view('admin/reports', [...])
 6 SYSTEMPATH\CodeIgniter.php(934): App\Controllers\LoginController->reports()
 7 SYSTEMPATH\CodeIgniter.php(499): CodeIgniter\CodeIgniter->runController(Object(App\Controllers\LoginController))
 8 SYSTEMPATH\CodeIgniter.php(368): CodeIgniter\CodeIgniter->handleRequest(null, Object(Config\Cache), false)
 9 FCPATH\index.php(67): CodeIgniter\CodeIgniter->run()
CRITICAL - 2023-05-08 09:53:47 --> Undefined array key "report"
in APPPATH\Views\admin\reports.php on line 104.
 1 APPPATH\Views\admin\reports.php(104): CodeIgniter\Debug\Exceptions->errorHandler(2, 'Undefined array key "report"', 'C:\\xampp\\htdocs\\project4\\app\\Views\\admin\\reports.php', 104)
 2 SYSTEMPATH\View\View.php(213): include('C:\\xampp\\htdocs\\project4\\app\\Views\\admin\\reports.php')
 3 SYSTEMPATH\View\View.php(216): CodeIgniter\View\View->CodeIgniter\View\{closure}()
 4 SYSTEMPATH\Common.php(1184): CodeIgniter\View\View->render('admin/reports', [], true)
 5 APPPATH\Controllers\LoginController.php(45): view('admin/reports', [...])
 6 SYSTEMPATH\CodeIgniter.php(934): App\Controllers\LoginController->reports()
 7 SYSTEMPATH\CodeIgniter.php(499): CodeIgniter\CodeIgniter->runController(Object(App\Controllers\LoginController))
 8 SYSTEMPATH\CodeIgniter.php(368): CodeIgniter\CodeIgniter->handleRequest(null, Object(Config\Cache), false)
 9 FCPATH\index.php(67): CodeIgniter\CodeIgniter->run()
CRITICAL - 2023-05-08 09:54:48 --> foreach() argument must be of type array|object, string given
in APPPATH\Views\admin\reports.php on line 103.
 1 APPPATH\Views\admin\reports.php(103): CodeIgniter\Debug\Exceptions->errorHandler(2, 'foreach() argument must be of type array|object, string given', 'C:\\xampp\\htdocs\\project4\\app\\Views\\admin\\reports.php', 103)
 2 SYSTEMPATH\View\View.php(213): include('C:\\xampp\\htdocs\\project4\\app\\Views\\admin\\reports.php')
 3 SYSTEMPATH\View\View.php(216): CodeIgniter\View\View->CodeIgniter\View\{closure}()
 4 SYSTEMPATH\Common.php(1184): CodeIgniter\View\View->render('admin/reports', [], true)
 5 APPPATH\Controllers\LoginController.php(45): view('admin/reports', [...])
 6 SYSTEMPATH\CodeIgniter.php(934): App\Controllers\LoginController->reports()
 7 SYSTEMPATH\CodeIgniter.php(499): CodeIgniter\CodeIgniter->runController(Object(App\Controllers\LoginController))
 8 SYSTEMPATH\CodeIgniter.php(368): CodeIgniter\CodeIgniter->handleRequest(null, Object(Config\Cache), false)
 9 FCPATH\index.php(67): CodeIgniter\CodeIgniter->run()
CRITICAL - 2023-05-08 09:54:50 --> foreach() argument must be of type array|object, string given
in APPPATH\Views\admin\reports.php on line 103.
 1 APPPATH\Views\admin\reports.php(103): CodeIgniter\Debug\Exceptions->errorHandler(2, 'foreach() argument must be of type array|object, string given', 'C:\\xampp\\htdocs\\project4\\app\\Views\\admin\\reports.php', 103)
 2 SYSTEMPATH\View\View.php(213): include('C:\\xampp\\htdocs\\project4\\app\\Views\\admin\\reports.php')
 3 SYSTEMPATH\View\View.php(216): CodeIgniter\View\View->CodeIgniter\View\{closure}()
 4 SYSTEMPATH\Common.php(1184): CodeIgniter\View\View->render('admin/reports', [], true)
 5 APPPATH\Controllers\LoginController.php(45): view('admin/reports', [...])
 6 SYSTEMPATH\CodeIgniter.php(934): App\Controllers\LoginController->reports()
 7 SYSTEMPATH\CodeIgniter.php(499): CodeIgniter\CodeIgniter->runController(Object(App\Controllers\LoginController))
 8 SYSTEMPATH\CodeIgniter.php(368): CodeIgniter\CodeIgniter->handleRequest(null, Object(Config\Cache), false)
 9 FCPATH\index.php(67): CodeIgniter\CodeIgniter->run()
CRITICAL - 2023-05-08 09:54:51 --> foreach() argument must be of type array|object, string given
in APPPATH\Views\admin\reports.php on line 103.
 1 APPPATH\Views\admin\reports.php(103): CodeIgniter\Debug\Exceptions->errorHandler(2, 'foreach() argument must be of type array|object, string given', 'C:\\xampp\\htdocs\\project4\\app\\Views\\admin\\reports.php', 103)
 2 SYSTEMPATH\View\View.php(213): include('C:\\xampp\\htdocs\\project4\\app\\Views\\admin\\reports.php')
 3 SYSTEMPATH\View\View.php(216): CodeIgniter\View\View->CodeIgniter\View\{closure}()
 4 SYSTEMPATH\Common.php(1184): CodeIgniter\View\View->render('admin/reports', [], true)
 5 APPPATH\Controllers\LoginController.php(45): view('admin/reports', [...])
 6 SYSTEMPATH\CodeIgniter.php(934): App\Controllers\LoginController->reports()
 7 SYSTEMPATH\CodeIgniter.php(499): CodeIgniter\CodeIgniter->runController(Object(App\Controllers\LoginController))
 8 SYSTEMPATH\CodeIgniter.php(368): CodeIgniter\CodeIgniter->handleRequest(null, Object(Config\Cache), false)
 9 FCPATH\index.php(67): CodeIgniter\CodeIgniter->run()
CRITICAL - 2023-05-08 09:55:14 --> foreach() argument must be of type array|object, string given
in APPPATH\Views\admin\reports.php on line 103.
 1 APPPATH\Views\admin\reports.php(103): CodeIgniter\Debug\Exceptions->errorHandler(2, 'foreach() argument must be of type array|object, string given', 'C:\\xampp\\htdocs\\project4\\app\\Views\\admin\\reports.php', 103)
 2 SYSTEMPATH\View\View.php(213): include('C:\\xampp\\htdocs\\project4\\app\\Views\\admin\\reports.php')
 3 SYSTEMPATH\View\View.php(216): CodeIgniter\View\View->CodeIgniter\View\{closure}()
 4 SYSTEMPATH\Common.php(1184): CodeIgniter\View\View->render('admin/reports', [], true)
 5 APPPATH\Controllers\LoginController.php(45): view('admin/reports', [...])
 6 SYSTEMPATH\CodeIgniter.php(934): App\Controllers\LoginController->reports()
 7 SYSTEMPATH\CodeIgniter.php(499): CodeIgniter\CodeIgniter->runController(Object(App\Controllers\LoginController))
 8 SYSTEMPATH\CodeIgniter.php(368): CodeIgniter\CodeIgniter->handleRequest(null, Object(Config\Cache), false)
 9 FCPATH\index.php(67): CodeIgniter\CodeIgniter->run()
CRITICAL - 2023-05-08 09:55:15 --> foreach() argument must be of type array|object, string given
in APPPATH\Views\admin\reports.php on line 103.
 1 APPPATH\Views\admin\reports.php(103): CodeIgniter\Debug\Exceptions->errorHandler(2, 'foreach() argument must be of type array|object, string given', 'C:\\xampp\\htdocs\\project4\\app\\Views\\admin\\reports.php', 103)
 2 SYSTEMPATH\View\View.php(213): include('C:\\xampp\\htdocs\\project4\\app\\Views\\admin\\reports.php')
 3 SYSTEMPATH\View\View.php(216): CodeIgniter\View\View->CodeIgniter\View\{closure}()
 4 SYSTEMPATH\Common.php(1184): CodeIgniter\View\View->render('admin/reports', [], true)
 5 APPPATH\Controllers\LoginController.php(45): view('admin/reports', [...])
 6 SYSTEMPATH\CodeIgniter.php(934): App\Controllers\LoginController->reports()
 7 SYSTEMPATH\CodeIgniter.php(499): CodeIgniter\CodeIgniter->runController(Object(App\Controllers\LoginController))
 8 SYSTEMPATH\CodeIgniter.php(368): CodeIgniter\CodeIgniter->handleRequest(null, Object(Config\Cache), false)
 9 FCPATH\index.php(67): CodeIgniter\CodeIgniter->run()
CRITICAL - 2023-05-08 09:55:16 --> foreach() argument must be of type array|object, string given
in APPPATH\Views\admin\reports.php on line 103.
 1 APPPATH\Views\admin\reports.php(103): CodeIgniter\Debug\Exceptions->errorHandler(2, 'foreach() argument must be of type array|object, string given', 'C:\\xampp\\htdocs\\project4\\app\\Views\\admin\\reports.php', 103)
 2 SYSTEMPATH\View\View.php(213): include('C:\\xampp\\htdocs\\project4\\app\\Views\\admin\\reports.php')
 3 SYSTEMPATH\View\View.php(216): CodeIgniter\View\View->CodeIgniter\View\{closure}()
 4 SYSTEMPATH\Common.php(1184): CodeIgniter\View\View->render('admin/reports', [], true)
 5 APPPATH\Controllers\LoginController.php(45): view('admin/reports', [...])
 6 SYSTEMPATH\CodeIgniter.php(934): App\Controllers\LoginController->reports()
 7 SYSTEMPATH\CodeIgniter.php(499): CodeIgniter\CodeIgniter->runController(Object(App\Controllers\LoginController))
 8 SYSTEMPATH\CodeIgniter.php(368): CodeIgniter\CodeIgniter->handleRequest(null, Object(Config\Cache), false)
 9 FCPATH\index.php(67): CodeIgniter\CodeIgniter->run()
CRITICAL - 2023-05-08 09:55:34 --> foreach() argument must be of type array|object, string given
in APPPATH\Views\admin\reports.php on line 103.
 1 APPPATH\Views\admin\reports.php(103): CodeIgniter\Debug\Exceptions->errorHandler(2, 'foreach() argument must be of type array|object, string given', 'C:\\xampp\\htdocs\\project4\\app\\Views\\admin\\reports.php', 103)
 2 SYSTEMPATH\View\View.php(213): include('C:\\xampp\\htdocs\\project4\\app\\Views\\admin\\reports.php')
 3 SYSTEMPATH\View\View.php(216): CodeIgniter\View\View->CodeIgniter\View\{closure}()
 4 SYSTEMPATH\Common.php(1184): CodeIgniter\View\View->render('admin/reports', [], true)
 5 APPPATH\Controllers\LoginController.php(45): view('admin/reports', [...])
 6 SYSTEMPATH\CodeIgniter.php(934): App\Controllers\LoginController->reports()
 7 SYSTEMPATH\CodeIgniter.php(499): CodeIgniter\CodeIgniter->runController(Object(App\Controllers\LoginController))
 8 SYSTEMPATH\CodeIgniter.php(368): CodeIgniter\CodeIgniter->handleRequest(null, Object(Config\Cache), false)
 9 FCPATH\index.php(67): CodeIgniter\CodeIgniter->run()
CRITICAL - 2023-05-08 09:55:35 --> foreach() argument must be of type array|object, string given
in APPPATH\Views\admin\reports.php on line 103.
 1 APPPATH\Views\admin\reports.php(103): CodeIgniter\Debug\Exceptions->errorHandler(2, 'foreach() argument must be of type array|object, string given', 'C:\\xampp\\htdocs\\project4\\app\\Views\\admin\\reports.php', 103)
 2 SYSTEMPATH\View\View.php(213): include('C:\\xampp\\htdocs\\project4\\app\\Views\\admin\\reports.php')
 3 SYSTEMPATH\View\View.php(216): CodeIgniter\View\View->CodeIgniter\View\{closure}()
 4 SYSTEMPATH\Common.php(1184): CodeIgniter\View\View->render('admin/reports', [], true)
 5 APPPATH\Controllers\LoginController.php(45): view('admin/reports', [...])
 6 SYSTEMPATH\CodeIgniter.php(934): App\Controllers\LoginController->reports()
 7 SYSTEMPATH\CodeIgniter.php(499): CodeIgniter\CodeIgniter->runController(Object(App\Controllers\LoginController))
 8 SYSTEMPATH\CodeIgniter.php(368): CodeIgniter\CodeIgniter->handleRequest(null, Object(Config\Cache), false)
 9 FCPATH\index.php(67): CodeIgniter\CodeIgniter->run()
CRITICAL - 2023-05-08 09:55:36 --> foreach() argument must be of type array|object, string given
in APPPATH\Views\admin\reports.php on line 103.
 1 APPPATH\Views\admin\reports.php(103): CodeIgniter\Debug\Exceptions->errorHandler(2, 'foreach() argument must be of type array|object, string given', 'C:\\xampp\\htdocs\\project4\\app\\Views\\admin\\reports.php', 103)
 2 SYSTEMPATH\View\View.php(213): include('C:\\xampp\\htdocs\\project4\\app\\Views\\admin\\reports.php')
 3 SYSTEMPATH\View\View.php(216): CodeIgniter\View\View->CodeIgniter\View\{closure}()
 4 SYSTEMPATH\Common.php(1184): CodeIgniter\View\View->render('admin/reports', [], true)
 5 APPPATH\Controllers\LoginController.php(45): view('admin/reports', [...])
 6 SYSTEMPATH\CodeIgniter.php(934): App\Controllers\LoginController->reports()
 7 SYSTEMPATH\CodeIgniter.php(499): CodeIgniter\CodeIgniter->runController(Object(App\Controllers\LoginController))
 8 SYSTEMPATH\CodeIgniter.php(368): CodeIgniter\CodeIgniter->handleRequest(null, Object(Config\Cache), false)
 9 FCPATH\index.php(67): CodeIgniter\CodeIgniter->run()
CRITICAL - 2023-05-08 09:56:12 --> foreach() argument must be of type array|object, string given
in APPPATH\Views\admin\reports.php on line 103.
 1 APPPATH\Views\admin\reports.php(103): CodeIgniter\Debug\Exceptions->errorHandler(2, 'foreach() argument must be of type array|object, string given', 'C:\\xampp\\htdocs\\project4\\app\\Views\\admin\\reports.php', 103)
 2 SYSTEMPATH\View\View.php(213): include('C:\\xampp\\htdocs\\project4\\app\\Views\\admin\\reports.php')
 3 SYSTEMPATH\View\View.php(216): CodeIgniter\View\View->CodeIgniter\View\{closure}()
 4 SYSTEMPATH\Common.php(1184): CodeIgniter\View\View->render('admin/reports', [], true)
 5 APPPATH\Controllers\LoginController.php(45): view('admin/reports', [...])
 6 SYSTEMPATH\CodeIgniter.php(934): App\Controllers\LoginController->reports()
 7 SYSTEMPATH\CodeIgniter.php(499): CodeIgniter\CodeIgniter->runController(Object(App\Controllers\LoginController))
 8 SYSTEMPATH\CodeIgniter.php(368): CodeIgniter\CodeIgniter->handleRequest(null, Object(Config\Cache), false)
 9 FCPATH\index.php(67): CodeIgniter\CodeIgniter->run()
CRITICAL - 2023-05-08 09:56:13 --> foreach() argument must be of type array|object, string given
in APPPATH\Views\admin\reports.php on line 103.
 1 APPPATH\Views\admin\reports.php(103): CodeIgniter\Debug\Exceptions->errorHandler(2, 'foreach() argument must be of type array|object, string given', 'C:\\xampp\\htdocs\\project4\\app\\Views\\admin\\reports.php', 103)
 2 SYSTEMPATH\View\View.php(213): include('C:\\xampp\\htdocs\\project4\\app\\Views\\admin\\reports.php')
 3 SYSTEMPATH\View\View.php(216): CodeIgniter\View\View->CodeIgniter\View\{closure}()
 4 SYSTEMPATH\Common.php(1184): CodeIgniter\View\View->render('admin/reports', [], true)
 5 APPPATH\Controllers\LoginController.php(45): view('admin/reports', [...])
 6 SYSTEMPATH\CodeIgniter.php(934): App\Controllers\LoginController->reports()
 7 SYSTEMPATH\CodeIgniter.php(499): CodeIgniter\CodeIgniter->runController(Object(App\Controllers\LoginController))
 8 SYSTEMPATH\CodeIgniter.php(368): CodeIgniter\CodeIgniter->handleRequest(null, Object(Config\Cache), false)
 9 FCPATH\index.php(67): CodeIgniter\CodeIgniter->run()
CRITICAL - 2023-05-08 09:56:14 --> foreach() argument must be of type array|object, string given
in APPPATH\Views\admin\reports.php on line 103.
 1 APPPATH\Views\admin\reports.php(103): CodeIgniter\Debug\Exceptions->errorHandler(2, 'foreach() argument must be of type array|object, string given', 'C:\\xampp\\htdocs\\project4\\app\\Views\\admin\\reports.php', 103)
 2 SYSTEMPATH\View\View.php(213): include('C:\\xampp\\htdocs\\project4\\app\\Views\\admin\\reports.php')
 3 SYSTEMPATH\View\View.php(216): CodeIgniter\View\View->CodeIgniter\View\{closure}()
 4 SYSTEMPATH\Common.php(1184): CodeIgniter\View\View->render('admin/reports', [], true)
 5 APPPATH\Controllers\LoginController.php(45): view('admin/reports', [...])
 6 SYSTEMPATH\CodeIgniter.php(934): App\Controllers\LoginController->reports()
 7 SYSTEMPATH\CodeIgniter.php(499): CodeIgniter\CodeIgniter->runController(Object(App\Controllers\LoginController))
 8 SYSTEMPATH\CodeIgniter.php(368): CodeIgniter\CodeIgniter->handleRequest(null, Object(Config\Cache), false)
 9 FCPATH\index.php(67): CodeIgniter\CodeIgniter->run()
CRITICAL - 2023-05-08 09:56:14 --> foreach() argument must be of type array|object, string given
in APPPATH\Views\admin\reports.php on line 103.
 1 APPPATH\Views\admin\reports.php(103): CodeIgniter\Debug\Exceptions->errorHandler(2, 'foreach() argument must be of type array|object, string given', 'C:\\xampp\\htdocs\\project4\\app\\Views\\admin\\reports.php', 103)
 2 SYSTEMPATH\View\View.php(213): include('C:\\xampp\\htdocs\\project4\\app\\Views\\admin\\reports.php')
 3 SYSTEMPATH\View\View.php(216): CodeIgniter\View\View->CodeIgniter\View\{closure}()
 4 SYSTEMPATH\Common.php(1184): CodeIgniter\View\View->render('admin/reports', [], true)
 5 APPPATH\Controllers\LoginController.php(45): view('admin/reports', [...])
 6 SYSTEMPATH\CodeIgniter.php(934): App\Controllers\LoginController->reports()
 7 SYSTEMPATH\CodeIgniter.php(499): CodeIgniter\CodeIgniter->runController(Object(App\Controllers\LoginController))
 8 SYSTEMPATH\CodeIgniter.php(368): CodeIgniter\CodeIgniter->handleRequest(null, Object(Config\Cache), false)
 9 FCPATH\index.php(67): CodeIgniter\CodeIgniter->run()
CRITICAL - 2023-05-08 09:56:36 --> Undefined array key "report"
in APPPATH\Views\admin\reports.php on line 104.
 1 APPPATH\Views\admin\reports.php(104): CodeIgniter\Debug\Exceptions->errorHandler(2, 'Undefined array key "report"', 'C:\\xampp\\htdocs\\project4\\app\\Views\\admin\\reports.php', 104)
 2 SYSTEMPATH\View\View.php(213): include('C:\\xampp\\htdocs\\project4\\app\\Views\\admin\\reports.php')
 3 SYSTEMPATH\View\View.php(216): CodeIgniter\View\View->CodeIgniter\View\{closure}()
 4 SYSTEMPATH\Common.php(1184): CodeIgniter\View\View->render('admin/reports', [], true)
 5 APPPATH\Controllers\LoginController.php(45): view('admin/reports', [...])
 6 SYSTEMPATH\CodeIgniter.php(934): App\Controllers\LoginController->reports()
 7 SYSTEMPATH\CodeIgniter.php(499): CodeIgniter\CodeIgniter->runController(Object(App\Controllers\LoginController))
 8 SYSTEMPATH\CodeIgniter.php(368): CodeIgniter\CodeIgniter->handleRequest(null, Object(Config\Cache), false)
 9 FCPATH\index.php(67): CodeIgniter\CodeIgniter->run()
CRITICAL - 2023-05-08 09:56:37 --> Undefined array key "report"
in APPPATH\Views\admin\reports.php on line 105.
 1 APPPATH\Views\admin\reports.php(105): CodeIgniter\Debug\Exceptions->errorHandler(2, 'Undefined array key "report"', 'C:\\xampp\\htdocs\\project4\\app\\Views\\admin\\reports.php', 105)
 2 SYSTEMPATH\View\View.php(213): include('C:\\xampp\\htdocs\\project4\\app\\Views\\admin\\reports.php')
 3 SYSTEMPATH\View\View.php(216): CodeIgniter\View\View->CodeIgniter\View\{closure}()
 4 SYSTEMPATH\Common.php(1184): CodeIgniter\View\View->render('admin/reports', [], true)
 5 APPPATH\Controllers\LoginController.php(45): view('admin/reports', [...])
 6 SYSTEMPATH\CodeIgniter.php(934): App\Controllers\LoginController->reports()
 7 SYSTEMPATH\CodeIgniter.php(499): CodeIgniter\CodeIgniter->runController(Object(App\Controllers\LoginController))
 8 SYSTEMPATH\CodeIgniter.php(368): CodeIgniter\CodeIgniter->handleRequest(null, Object(Config\Cache), false)
 9 FCPATH\index.php(67): CodeIgniter\CodeIgniter->run()
CRITICAL - 2023-05-08 09:56:39 --> Undefined array key "report"
in APPPATH\Views\admin\reports.php on line 105.
 1 APPPATH\Views\admin\reports.php(105): CodeIgniter\Debug\Exceptions->errorHandler(2, 'Undefined array key "report"', 'C:\\xampp\\htdocs\\project4\\app\\Views\\admin\\reports.php', 105)
 2 SYSTEMPATH\View\View.php(213): include('C:\\xampp\\htdocs\\project4\\app\\Views\\admin\\reports.php')
 3 SYSTEMPATH\View\View.php(216): CodeIgniter\View\View->CodeIgniter\View\{closure}()
 4 SYSTEMPATH\Common.php(1184): CodeIgniter\View\View->render('admin/reports', [], true)
 5 APPPATH\Controllers\LoginController.php(45): view('admin/reports', [...])
 6 SYSTEMPATH\CodeIgniter.php(934): App\Controllers\LoginController->reports()
 7 SYSTEMPATH\CodeIgniter.php(499): CodeIgniter\CodeIgniter->runController(Object(App\Controllers\LoginController))
 8 SYSTEMPATH\CodeIgniter.php(368): CodeIgniter\CodeIgniter->handleRequest(null, Object(Config\Cache), false)
 9 FCPATH\index.php(67): CodeIgniter\CodeIgniter->run()
CRITICAL - 2023-05-08 09:58:39 --> Undefined array key 0
in APPPATH\Views\admin\reports.php on line 105.
 1 APPPATH\Views\admin\reports.php(105): CodeIgniter\Debug\Exceptions->errorHandler(2, 'Undefined array key 0', 'C:\\xampp\\htdocs\\project4\\app\\Views\\admin\\reports.php', 105)
 2 SYSTEMPATH\View\View.php(213): include('C:\\xampp\\htdocs\\project4\\app\\Views\\admin\\reports.php')
 3 SYSTEMPATH\View\View.php(216): CodeIgniter\View\View->CodeIgniter\View\{closure}()
 4 SYSTEMPATH\Common.php(1184): CodeIgniter\View\View->render('admin/reports', [], true)
 5 APPPATH\Controllers\LoginController.php(45): view('admin/reports', [...])
 6 SYSTEMPATH\CodeIgniter.php(934): App\Controllers\LoginController->reports()
 7 SYSTEMPATH\CodeIgniter.php(499): CodeIgniter\CodeIgniter->runController(Object(App\Controllers\LoginController))
 8 SYSTEMPATH\CodeIgniter.php(368): CodeIgniter\CodeIgniter->handleRequest(null, Object(Config\Cache), false)
 9 FCPATH\index.php(67): CodeIgniter\CodeIgniter->run()
CRITICAL - 2023-05-08 09:58:41 --> Undefined array key 0
in APPPATH\Views\admin\reports.php on line 105.
 1 APPPATH\Views\admin\reports.php(105): CodeIgniter\Debug\Exceptions->errorHandler(2, 'Undefined array key 0', 'C:\\xampp\\htdocs\\project4\\app\\Views\\admin\\reports.php', 105)
 2 SYSTEMPATH\View\View.php(213): include('C:\\xampp\\htdocs\\project4\\app\\Views\\admin\\reports.php')
 3 SYSTEMPATH\View\View.php(216): CodeIgniter\View\View->CodeIgniter\View\{closure}()
 4 SYSTEMPATH\Common.php(1184): CodeIgniter\View\View->render('admin/reports', [], true)
 5 APPPATH\Controllers\LoginController.php(45): view('admin/reports', [...])
 6 SYSTEMPATH\CodeIgniter.php(934): App\Controllers\LoginController->reports()
 7 SYSTEMPATH\CodeIgniter.php(499): CodeIgniter\CodeIgniter->runController(Object(App\Controllers\LoginController))
 8 SYSTEMPATH\CodeIgniter.php(368): CodeIgniter\CodeIgniter->handleRequest(null, Object(Config\Cache), false)
 9 FCPATH\index.php(67): CodeIgniter\CodeIgniter->run()
CRITICAL - 2023-05-08 09:59:48 --> Array to string conversion
in APPPATH\Views\admin\reports.php on line 106.
 1 APPPATH\Views\admin\reports.php(106): CodeIgniter\Debug\Exceptions->errorHandler(2, 'Array to string conversion', 'C:\\xampp\\htdocs\\project4\\app\\Views\\admin\\reports.php', 106)
 2 SYSTEMPATH\View\View.php(213): include('C:\\xampp\\htdocs\\project4\\app\\Views\\admin\\reports.php')
 3 SYSTEMPATH\View\View.php(216): CodeIgniter\View\View->CodeIgniter\View\{closure}()
 4 SYSTEMPATH\Common.php(1184): CodeIgniter\View\View->render('admin/reports', [], true)
 5 APPPATH\Controllers\LoginController.php(45): view('admin/reports', [...])
 6 SYSTEMPATH\CodeIgniter.php(934): App\Controllers\LoginController->reports()
 7 SYSTEMPATH\CodeIgniter.php(499): CodeIgniter\CodeIgniter->runController(Object(App\Controllers\LoginController))
 8 SYSTEMPATH\CodeIgniter.php(368): CodeIgniter\CodeIgniter->handleRequest(null, Object(Config\Cache), false)
 9 FCPATH\index.php(67): CodeIgniter\CodeIgniter->run()
CRITICAL - 2023-05-08 09:59:49 --> Array to string conversion
in APPPATH\Views\admin\reports.php on line 106.
 1 APPPATH\Views\admin\reports.php(106): CodeIgniter\Debug\Exceptions->errorHandler(2, 'Array to string conversion', 'C:\\xampp\\htdocs\\project4\\app\\Views\\admin\\reports.php', 106)
 2 SYSTEMPATH\View\View.php(213): include('C:\\xampp\\htdocs\\project4\\app\\Views\\admin\\reports.php')
 3 SYSTEMPATH\View\View.php(216): CodeIgniter\View\View->CodeIgniter\View\{closure}()
 4 SYSTEMPATH\Common.php(1184): CodeIgniter\View\View->render('admin/reports', [], true)
 5 APPPATH\Controllers\LoginController.php(45): view('admin/reports', [...])
 6 SYSTEMPATH\CodeIgniter.php(934): App\Controllers\LoginController->reports()
 7 SYSTEMPATH\CodeIgniter.php(499): CodeIgniter\CodeIgniter->runController(Object(App\Controllers\LoginController))
 8 SYSTEMPATH\CodeIgniter.php(368): CodeIgniter\CodeIgniter->handleRequest(null, Object(Config\Cache), false)
 9 FCPATH\index.php(67): CodeIgniter\CodeIgniter->run()
CRITICAL - 2023-05-08 09:59:51 --> Array to string conversion
in APPPATH\Views\admin\reports.php on line 106.
 1 APPPATH\Views\admin\reports.php(106): CodeIgniter\Debug\Exceptions->errorHandler(2, 'Array to string conversion', 'C:\\xampp\\htdocs\\project4\\app\\Views\\admin\\reports.php', 106)
 2 SYSTEMPATH\View\View.php(213): include('C:\\xampp\\htdocs\\project4\\app\\Views\\admin\\reports.php')
 3 SYSTEMPATH\View\View.php(216): CodeIgniter\View\View->CodeIgniter\View\{closure}()
 4 SYSTEMPATH\Common.php(1184): CodeIgniter\View\View->render('admin/reports', [], true)
 5 APPPATH\Controllers\LoginController.php(45): view('admin/reports', [...])
 6 SYSTEMPATH\CodeIgniter.php(934): App\Controllers\LoginController->reports()
 7 SYSTEMPATH\CodeIgniter.php(499): CodeIgniter\CodeIgniter->runController(Object(App\Controllers\LoginController))
 8 SYSTEMPATH\CodeIgniter.php(368): CodeIgniter\CodeIgniter->handleRequest(null, Object(Config\Cache), false)
 9 FCPATH\index.php(67): CodeIgniter\CodeIgniter->run()
CRITICAL - 2023-05-08 10:00:20 --> Array to string conversion
in APPPATH\Views\admin\reports.php on line 106.
 1 APPPATH\Views\admin\reports.php(106): CodeIgniter\Debug\Exceptions->errorHandler(2, 'Array to string conversion', 'C:\\xampp\\htdocs\\project4\\app\\Views\\admin\\reports.php', 106)
 2 SYSTEMPATH\View\View.php(213): include('C:\\xampp\\htdocs\\project4\\app\\Views\\admin\\reports.php')
 3 SYSTEMPATH\View\View.php(216): CodeIgniter\View\View->CodeIgniter\View\{closure}()
 4 SYSTEMPATH\Common.php(1184): CodeIgniter\View\View->render('admin/reports', [], true)
 5 APPPATH\Controllers\LoginController.php(45): view('admin/reports', [...])
 6 SYSTEMPATH\CodeIgniter.php(934): App\Controllers\LoginController->reports()
 7 SYSTEMPATH\CodeIgniter.php(499): CodeIgniter\CodeIgniter->runController(Object(App\Controllers\LoginController))
 8 SYSTEMPATH\CodeIgniter.php(368): CodeIgniter\CodeIgniter->handleRequest(null, Object(Config\Cache), false)
 9 FCPATH\index.php(67): CodeIgniter\CodeIgniter->run()
CRITICAL - 2023-05-08 10:00:22 --> Array to string conversion
in APPPATH\Views\admin\reports.php on line 106.
 1 APPPATH\Views\admin\reports.php(106): CodeIgniter\Debug\Exceptions->errorHandler(2, 'Array to string conversion', 'C:\\xampp\\htdocs\\project4\\app\\Views\\admin\\reports.php', 106)
 2 SYSTEMPATH\View\View.php(213): include('C:\\xampp\\htdocs\\project4\\app\\Views\\admin\\reports.php')
 3 SYSTEMPATH\View\View.php(216): CodeIgniter\View\View->CodeIgniter\View\{closure}()
 4 SYSTEMPATH\Common.php(1184): CodeIgniter\View\View->render('admin/reports', [], true)
 5 APPPATH\Controllers\LoginController.php(45): view('admin/reports', [...])
 6 SYSTEMPATH\CodeIgniter.php(934): App\Controllers\LoginController->reports()
 7 SYSTEMPATH\CodeIgniter.php(499): CodeIgniter\CodeIgniter->runController(Object(App\Controllers\LoginController))
 8 SYSTEMPATH\CodeIgniter.php(368): CodeIgniter\CodeIgniter->handleRequest(null, Object(Config\Cache), false)
 9 FCPATH\index.php(67): CodeIgniter\CodeIgniter->run()
CRITICAL - 2023-05-08 10:01:29 --> Cannot access offset of type string on string
in APPPATH\Views\admin\reports.php on line 106.
 1 SYSTEMPATH\View\View.php(213): include()
 2 SYSTEMPATH\View\View.php(216): CodeIgniter\View\View->CodeIgniter\View\{closure}()
 3 SYSTEMPATH\Common.php(1184): CodeIgniter\View\View->render('admin/reports', [], true)
 4 APPPATH\Controllers\LoginController.php(45): view('admin/reports', [...])
 5 SYSTEMPATH\CodeIgniter.php(934): App\Controllers\LoginController->reports()
 6 SYSTEMPATH\CodeIgniter.php(499): CodeIgniter\CodeIgniter->runController(Object(App\Controllers\LoginController))
 7 SYSTEMPATH\CodeIgniter.php(368): CodeIgniter\CodeIgniter->handleRequest(null, Object(Config\Cache), false)
 8 FCPATH\index.php(67): CodeIgniter\CodeIgniter->run()
CRITICAL - 2023-05-08 10:01:31 --> Cannot access offset of type string on string
in APPPATH\Views\admin\reports.php on line 106.
 1 SYSTEMPATH\View\View.php(213): include()
 2 SYSTEMPATH\View\View.php(216): CodeIgniter\View\View->CodeIgniter\View\{closure}()
 3 SYSTEMPATH\Common.php(1184): CodeIgniter\View\View->render('admin/reports', [], true)
 4 APPPATH\Controllers\LoginController.php(45): view('admin/reports', [...])
 5 SYSTEMPATH\CodeIgniter.php(934): App\Controllers\LoginController->reports()
 6 SYSTEMPATH\CodeIgniter.php(499): CodeIgniter\CodeIgniter->runController(Object(App\Controllers\LoginController))
 7 SYSTEMPATH\CodeIgniter.php(368): CodeIgniter\CodeIgniter->handleRequest(null, Object(Config\Cache), false)
 8 FCPATH\index.php(67): CodeIgniter\CodeIgniter->run()
CRITICAL - 2023-05-08 10:01:41 --> Attempt to read property "course" on string
in APPPATH\Views\admin\reports.php on line 106.
 1 APPPATH\Views\admin\reports.php(106): CodeIgniter\Debug\Exceptions->errorHandler(2, 'Attempt to read property "course" on string', 'C:\\xampp\\htdocs\\project4\\app\\Views\\admin\\reports.php', 106)
 2 SYSTEMPATH\View\View.php(213): include('C:\\xampp\\htdocs\\project4\\app\\Views\\admin\\reports.php')
 3 SYSTEMPATH\View\View.php(216): CodeIgniter\View\View->CodeIgniter\View\{closure}()
 4 SYSTEMPATH\Common.php(1184): CodeIgniter\View\View->render('admin/reports', [], true)
 5 APPPATH\Controllers\LoginController.php(45): view('admin/reports', [...])
 6 SYSTEMPATH\CodeIgniter.php(934): App\Controllers\LoginController->reports()
 7 SYSTEMPATH\CodeIgniter.php(499): CodeIgniter\CodeIgniter->runController(Object(App\Controllers\LoginController))
 8 SYSTEMPATH\CodeIgniter.php(368): CodeIgniter\CodeIgniter->handleRequest(null, Object(Config\Cache), false)
 9 FCPATH\index.php(67): CodeIgniter\CodeIgniter->run()
CRITICAL - 2023-05-08 10:01:43 --> Attempt to read property "course" on string
in APPPATH\Views\admin\reports.php on line 106.
 1 APPPATH\Views\admin\reports.php(106): CodeIgniter\Debug\Exceptions->errorHandler(2, 'Attempt to read property "course" on string', 'C:\\xampp\\htdocs\\project4\\app\\Views\\admin\\reports.php', 106)
 2 SYSTEMPATH\View\View.php(213): include('C:\\xampp\\htdocs\\project4\\app\\Views\\admin\\reports.php')
 3 SYSTEMPATH\View\View.php(216): CodeIgniter\View\View->CodeIgniter\View\{closure}()
 4 SYSTEMPATH\Common.php(1184): CodeIgniter\View\View->render('admin/reports', [], true)
 5 APPPATH\Controllers\LoginController.php(45): view('admin/reports', [...])
 6 SYSTEMPATH\CodeIgniter.php(934): App\Controllers\LoginController->reports()
 7 SYSTEMPATH\CodeIgniter.php(499): CodeIgniter\CodeIgniter->runController(Object(App\Controllers\LoginController))
 8 SYSTEMPATH\CodeIgniter.php(368): CodeIgniter\CodeIgniter->handleRequest(null, Object(Config\Cache), false)
 9 FCPATH\index.php(67): CodeIgniter\CodeIgniter->run()
CRITICAL - 2023-05-08 10:01:44 --> Attempt to read property "course" on string
in APPPATH\Views\admin\reports.php on line 106.
 1 APPPATH\Views\admin\reports.php(106): CodeIgniter\Debug\Exceptions->errorHandler(2, 'Attempt to read property "course" on string', 'C:\\xampp\\htdocs\\project4\\app\\Views\\admin\\reports.php', 106)
 2 SYSTEMPATH\View\View.php(213): include('C:\\xampp\\htdocs\\project4\\app\\Views\\admin\\reports.php')
 3 SYSTEMPATH\View\View.php(216): CodeIgniter\View\View->CodeIgniter\View\{closure}()
 4 SYSTEMPATH\Common.php(1184): CodeIgniter\View\View->render('admin/reports', [], true)
 5 APPPATH\Controllers\LoginController.php(45): view('admin/reports', [...])
 6 SYSTEMPATH\CodeIgniter.php(934): App\Controllers\LoginController->reports()
 7 SYSTEMPATH\CodeIgniter.php(499): CodeIgniter\CodeIgniter->runController(Object(App\Controllers\LoginController))
 8 SYSTEMPATH\CodeIgniter.php(368): CodeIgniter\CodeIgniter->handleRequest(null, Object(Config\Cache), false)
 9 FCPATH\index.php(67): CodeIgniter\CodeIgniter->run()
CRITICAL - 2023-05-08 10:01:45 --> Attempt to read property "course" on string
in APPPATH\Views\admin\reports.php on line 106.
 1 APPPATH\Views\admin\reports.php(106): CodeIgniter\Debug\Exceptions->errorHandler(2, 'Attempt to read property "course" on string', 'C:\\xampp\\htdocs\\project4\\app\\Views\\admin\\reports.php', 106)
 2 SYSTEMPATH\View\View.php(213): include('C:\\xampp\\htdocs\\project4\\app\\Views\\admin\\reports.php')
 3 SYSTEMPATH\View\View.php(216): CodeIgniter\View\View->CodeIgniter\View\{closure}()
 4 SYSTEMPATH\Common.php(1184): CodeIgniter\View\View->render('admin/reports', [], true)
 5 APPPATH\Controllers\LoginController.php(45): view('admin/reports', [...])
 6 SYSTEMPATH\CodeIgniter.php(934): App\Controllers\LoginController->reports()
 7 SYSTEMPATH\CodeIgniter.php(499): CodeIgniter\CodeIgniter->runController(Object(App\Controllers\LoginController))
 8 SYSTEMPATH\CodeIgniter.php(368): CodeIgniter\CodeIgniter->handleRequest(null, Object(Config\Cache), false)
 9 FCPATH\index.php(67): CodeIgniter\CodeIgniter->run()
CRITICAL - 2023-05-08 10:07:53 --> Unclosed '{' on line 100
in APPPATH\Views\admin\reports.php on line 122.
 1 SYSTEMPATH\View\View.php(216): CodeIgniter\View\View->CodeIgniter\View\{closure}()
 2 SYSTEMPATH\Common.php(1184): CodeIgniter\View\View->render('admin/reports', [], true)
 3 APPPATH\Controllers\LoginController.php(45): view('admin/reports', [...])
 4 SYSTEMPATH\CodeIgniter.php(934): App\Controllers\LoginController->reports()
 5 SYSTEMPATH\CodeIgniter.php(499): CodeIgniter\CodeIgniter->runController(Object(App\Controllers\LoginController))
 6 SYSTEMPATH\CodeIgniter.php(368): CodeIgniter\CodeIgniter->handleRequest(null, Object(Config\Cache), false)
 7 FCPATH\index.php(67): CodeIgniter\CodeIgniter->run()
CRITICAL - 2023-05-08 10:07:55 --> Unclosed '{' on line 100
in APPPATH\Views\admin\reports.php on line 122.
 1 SYSTEMPATH\View\View.php(216): CodeIgniter\View\View->CodeIgniter\View\{closure}()
 2 SYSTEMPATH\Common.php(1184): CodeIgniter\View\View->render('admin/reports', [], true)
 3 APPPATH\Controllers\LoginController.php(45): view('admin/reports', [...])
 4 SYSTEMPATH\CodeIgniter.php(934): App\Controllers\LoginController->reports()
 5 SYSTEMPATH\CodeIgniter.php(499): CodeIgniter\CodeIgniter->runController(Object(App\Controllers\LoginController))
 6 SYSTEMPATH\CodeIgniter.php(368): CodeIgniter\CodeIgniter->handleRequest(null, Object(Config\Cache), false)
 7 FCPATH\index.php(67): CodeIgniter\CodeIgniter->run()
CRITICAL - 2023-05-08 10:08:49 --> Cannot use object of type stdClass as array
in APPPATH\Views\admin\reports.php on line 104.
 1 SYSTEMPATH\View\View.php(213): include()
 2 SYSTEMPATH\View\View.php(216): CodeIgniter\View\View->CodeIgniter\View\{closure}()
 3 SYSTEMPATH\Common.php(1184): CodeIgniter\View\View->render('admin/reports', [], true)
 4 APPPATH\Controllers\LoginController.php(45): view('admin/reports', [...])
 5 SYSTEMPATH\CodeIgniter.php(934): App\Controllers\LoginController->reports()
 6 SYSTEMPATH\CodeIgniter.php(499): CodeIgniter\CodeIgniter->runController(Object(App\Controllers\LoginController))
 7 SYSTEMPATH\CodeIgniter.php(368): CodeIgniter\CodeIgniter->handleRequest(null, Object(Config\Cache), false)
 8 FCPATH\index.php(67): CodeIgniter\CodeIgniter->run()
CRITICAL - 2023-05-08 10:08:51 --> Cannot use object of type stdClass as array
in APPPATH\Views\admin\reports.php on line 104.
 1 SYSTEMPATH\View\View.php(213): include()
 2 SYSTEMPATH\View\View.php(216): CodeIgniter\View\View->CodeIgniter\View\{closure}()
 3 SYSTEMPATH\Common.php(1184): CodeIgniter\View\View->render('admin/reports', [], true)
 4 APPPATH\Controllers\LoginController.php(45): view('admin/reports', [...])
 5 SYSTEMPATH\CodeIgniter.php(934): App\Controllers\LoginController->reports()
 6 SYSTEMPATH\CodeIgniter.php(499): CodeIgniter\CodeIgniter->runController(Object(App\Controllers\LoginController))
 7 SYSTEMPATH\CodeIgniter.php(368): CodeIgniter\CodeIgniter->handleRequest(null, Object(Config\Cache), false)
 8 FCPATH\index.php(67): CodeIgniter\CodeIgniter->run()
CRITICAL - 2023-05-08 10:09:05 --> Cannot use object of type stdClass as array
in APPPATH\Views\admin\reports.php on line 104.
 1 SYSTEMPATH\View\View.php(213): include()
 2 SYSTEMPATH\View\View.php(216): CodeIgniter\View\View->CodeIgniter\View\{closure}()
 3 SYSTEMPATH\Common.php(1184): CodeIgniter\View\View->render('admin/reports', [], true)
 4 APPPATH\Controllers\LoginController.php(45): view('admin/reports', [...])
 5 SYSTEMPATH\CodeIgniter.php(934): App\Controllers\LoginController->reports()
 6 SYSTEMPATH\CodeIgniter.php(499): CodeIgniter\CodeIgniter->runController(Object(App\Controllers\LoginController))
 7 SYSTEMPATH\CodeIgniter.php(368): CodeIgniter\CodeIgniter->handleRequest(null, Object(Config\Cache), false)
 8 FCPATH\index.php(67): CodeIgniter\CodeIgniter->run()
CRITICAL - 2023-05-08 10:09:07 --> Cannot use object of type stdClass as array
in APPPATH\Views\admin\reports.php on line 104.
 1 SYSTEMPATH\View\View.php(213): include()
 2 SYSTEMPATH\View\View.php(216): CodeIgniter\View\View->CodeIgniter\View\{closure}()
 3 SYSTEMPATH\Common.php(1184): CodeIgniter\View\View->render('admin/reports', [], true)
 4 APPPATH\Controllers\LoginController.php(45): view('admin/reports', [...])
 5 SYSTEMPATH\CodeIgniter.php(934): App\Controllers\LoginController->reports()
 6 SYSTEMPATH\CodeIgniter.php(499): CodeIgniter\CodeIgniter->runController(Object(App\Controllers\LoginController))
 7 SYSTEMPATH\CodeIgniter.php(368): CodeIgniter\CodeIgniter->handleRequest(null, Object(Config\Cache), false)
 8 FCPATH\index.php(67): CodeIgniter\CodeIgniter->run()
CRITICAL - 2023-05-08 10:09:11 --> Cannot use object of type stdClass as array
in APPPATH\Views\admin\reports.php on line 104.
 1 SYSTEMPATH\View\View.php(213): include()
 2 SYSTEMPATH\View\View.php(216): CodeIgniter\View\View->CodeIgniter\View\{closure}()
 3 SYSTEMPATH\Common.php(1184): CodeIgniter\View\View->render('admin/reports', [], true)
 4 APPPATH\Controllers\LoginController.php(45): view('admin/reports', [...])
 5 SYSTEMPATH\CodeIgniter.php(934): App\Controllers\LoginController->reports()
 6 SYSTEMPATH\CodeIgniter.php(499): CodeIgniter\CodeIgniter->runController(Object(App\Controllers\LoginController))
 7 SYSTEMPATH\CodeIgniter.php(368): CodeIgniter\CodeIgniter->handleRequest(null, Object(Config\Cache), false)
 8 FCPATH\index.php(67): CodeIgniter\CodeIgniter->run()
CRITICAL - 2023-05-08 10:13:25 --> Undefined array key 0
in APPPATH\Controllers\LoginController.php on line 43.
 1 APPPATH\Controllers\LoginController.php(43): CodeIgniter\Debug\Exceptions->errorHandler(2, 'Undefined array key 0', 'C:\\xampp\\htdocs\\project4\\app\\Controllers\\LoginController.php', 43)
 2 SYSTEMPATH\CodeIgniter.php(934): App\Controllers\LoginController->reports()
 3 SYSTEMPATH\CodeIgniter.php(499): CodeIgniter\CodeIgniter->runController(Object(App\Controllers\LoginController))
 4 SYSTEMPATH\CodeIgniter.php(368): CodeIgniter\CodeIgniter->handleRequest(null, Object(Config\Cache), false)
 5 FCPATH\index.php(67): CodeIgniter\CodeIgniter->run()
CRITICAL - 2023-05-08 10:13:30 --> Undefined array key 0
in APPPATH\Controllers\LoginController.php on line 43.
 1 APPPATH\Controllers\LoginController.php(43): CodeIgniter\Debug\Exceptions->errorHandler(2, 'Undefined array key 0', 'C:\\xampp\\htdocs\\project4\\app\\Controllers\\LoginController.php', 43)
 2 SYSTEMPATH\CodeIgniter.php(934): App\Controllers\LoginController->reports()
 3 SYSTEMPATH\CodeIgniter.php(499): CodeIgniter\CodeIgniter->runController(Object(App\Controllers\LoginController))
 4 SYSTEMPATH\CodeIgniter.php(368): CodeIgniter\CodeIgniter->handleRequest(null, Object(Config\Cache), false)
 5 FCPATH\index.php(67): CodeIgniter\CodeIgniter->run()
CRITICAL - 2023-05-08 10:13:32 --> Array to string conversion
in APPPATH\Views\admin\reports.php on line 111.
 1 APPPATH\Views\admin\reports.php(111): CodeIgniter\Debug\Exceptions->errorHandler(2, 'Array to string conversion', 'C:\\xampp\\htdocs\\project4\\app\\Views\\admin\\reports.php', 111)
 2 SYSTEMPATH\View\View.php(213): include('C:\\xampp\\htdocs\\project4\\app\\Views\\admin\\reports.php')
 3 SYSTEMPATH\View\View.php(216): CodeIgniter\View\View->CodeIgniter\View\{closure}()
 4 SYSTEMPATH\Common.php(1184): CodeIgniter\View\View->render('admin/reports', [], true)
 5 APPPATH\Controllers\LoginController.php(45): view('admin/reports', [...])
 6 SYSTEMPATH\CodeIgniter.php(934): App\Controllers\LoginController->reports()
 7 SYSTEMPATH\CodeIgniter.php(499): CodeIgniter\CodeIgniter->runController(Object(App\Controllers\LoginController))
 8 SYSTEMPATH\CodeIgniter.php(368): CodeIgniter\CodeIgniter->handleRequest(null, Object(Config\Cache), false)
 9 FCPATH\index.php(67): CodeIgniter\CodeIgniter->run()
CRITICAL - 2023-05-08 10:13:35 --> Array to string conversion
in APPPATH\Views\admin\reports.php on line 111.
 1 APPPATH\Views\admin\reports.php(111): CodeIgniter\Debug\Exceptions->errorHandler(2, 'Array to string conversion', 'C:\\xampp\\htdocs\\project4\\app\\Views\\admin\\reports.php', 111)
 2 SYSTEMPATH\View\View.php(213): include('C:\\xampp\\htdocs\\project4\\app\\Views\\admin\\reports.php')
 3 SYSTEMPATH\View\View.php(216): CodeIgniter\View\View->CodeIgniter\View\{closure}()
 4 SYSTEMPATH\Common.php(1184): CodeIgniter\View\View->render('admin/reports', [], true)
 5 APPPATH\Controllers\LoginController.php(45): view('admin/reports', [...])
 6 SYSTEMPATH\CodeIgniter.php(934): App\Controllers\LoginController->reports()
 7 SYSTEMPATH\CodeIgniter.php(499): CodeIgniter\CodeIgniter->runController(Object(App\Controllers\LoginController))
 8 SYSTEMPATH\CodeIgniter.php(368): CodeIgniter\CodeIgniter->handleRequest(null, Object(Config\Cache), false)
 9 FCPATH\index.php(67): CodeIgniter\CodeIgniter->run()
CRITICAL - 2023-05-08 10:13:37 --> Array to string conversion
in APPPATH\Views\admin\reports.php on line 111.
 1 APPPATH\Views\admin\reports.php(111): CodeIgniter\Debug\Exceptions->errorHandler(2, 'Array to string conversion', 'C:\\xampp\\htdocs\\project4\\app\\Views\\admin\\reports.php', 111)
 2 SYSTEMPATH\View\View.php(213): include('C:\\xampp\\htdocs\\project4\\app\\Views\\admin\\reports.php')
 3 SYSTEMPATH\View\View.php(216): CodeIgniter\View\View->CodeIgniter\View\{closure}()
 4 SYSTEMPATH\Common.php(1184): CodeIgniter\View\View->render('admin/reports', [], true)
 5 APPPATH\Controllers\LoginController.php(45): view('admin/reports', [...])
 6 SYSTEMPATH\CodeIgniter.php(934): App\Controllers\LoginController->reports()
 7 SYSTEMPATH\CodeIgniter.php(499): CodeIgniter\CodeIgniter->runController(Object(App\Controllers\LoginController))
 8 SYSTEMPATH\CodeIgniter.php(368): CodeIgniter\CodeIgniter->handleRequest(null, Object(Config\Cache), false)
 9 FCPATH\index.php(67): CodeIgniter\CodeIgniter->run()
